skipping: /data/projects/r21-cardgame/derivatives/fsl/sub-212/L2_task-cardgame_model-01_type-ppi_seed-bilateralVLPFC_sm-6
skipping: /data/projects/r21-cardgame/derivatives/fsl/sub-218/L2_task-cardgame_model-01_type-ppi_seed-bilateralVLPFC_sm-6
skipping: /data/projects/r21-cardgame/derivatives/fsl/sub-238/L2_task-cardgame_model-01_type-ppi_seed-bilateralVLPFC_sm-6
skipping: /data/projects/r21-cardgame/derivatives/fsl/sub-212/L2_task-cardgame_model-01_type-ppi_seed-leftVLPFC_sm-6
skipping: /data/projects/r21-cardgame/derivatives/fsl/sub-218/L2_task-cardgame_model-01_type-ppi_seed-leftVLPFC_sm-6
skipping: /data/projects/r21-cardgame/derivatives/fsl/sub-238/L2_task-cardgame_model-01_type-ppi_seed-leftVLPFC_sm-6
skipping: /data/projects/r21-cardgame/derivatives/fsl/sub-212/L2_task-cardgame_model-01_type-ppi_seed-rightVLPFC_sm-6
skipping: /data/projects/r21-cardgame/derivatives/fsl/sub-218/L2_task-cardgame_model-01_type-ppi_seed-rightVLPFC_sm-6
skipping: /data/projects/r21-cardgame/derivatives/fsl/sub-238/L2_task-cardgame_model-01_type-ppi_seed-rightVLPFC_sm-6
skipping: /data/projects/r21-cardgame/derivatives/fsl/sub-212/L2_task-cardgame_model-01_type-ppi_seed-preCun_sm-6
skipping: /data/projects/r21-cardgame/derivatives/fsl/sub-218/L2_task-cardgame_model-01_type-ppi_seed-preCun_sm-6
skipping: /data/projects/r21-cardgame/derivatives/fsl/sub-238/L2_task-cardgame_model-01_type-ppi_seed-preCun_sm-6
skipping: /data/projects/r21-cardgame/derivatives/fsl/sub-212/L2_task-cardgame_model-01_type-ppi_seed-bilateralVS_sm-6
skipping: /data/projects/r21-cardgame/derivatives/fsl/sub-218/L2_task-cardgame_model-01_type-ppi_seed-bilateralVS_sm-6
skipping: /data/projects/r21-cardgame/derivatives/fsl/sub-238/L2_task-cardgame_model-01_type-ppi_seed-bilateralVS_sm-6
skipping: /data/projects/r21-cardgame/derivatives/fsl/sub-212/L2_task-cardgame_model-01_type-ppi_seed-rightVS_sm-6
skipping: /data/projects/r21-cardgame/derivatives/fsl/sub-218/L2_task-cardgame_model-01_type-ppi_seed-rightVS_sm-6
skipping: /data/projects/r21-cardgame/derivatives/fsl/sub-238/L2_task-cardgame_model-01_type-ppi_seed-rightVS_sm-6
skipping: /data/projects/r21-cardgame/derivatives/fsl/sub-212/L2_task-cardgame_model-01_type-ppi_seed-leftVS_sm-6
skipping: /data/projects/r21-cardgame/derivatives/fsl/sub-218/L2_task-cardgame_model-01_type-ppi_seed-leftVS_sm-6
skipping: /data/projects/r21-cardgame/derivatives/fsl/sub-238/L2_task-cardgame_model-01_type-ppi_seed-leftVS_sm-6
