missing: /data/projects/r21-cardgame/derivatives/fsl/confounds/sub-189/sub-189_task-cardgame_run-2_desc-fslConfounds.tsv 
missing: /data/projects/r21-cardgame/derivatives/fsl/confounds/sub-189/sub-189_task-cardgame_run-3_desc-fslConfounds.tsv 
missing: /data/projects/r21-cardgame/derivatives/fsl/sub-203/L1_task-cardgame_model-01_type-act_run-01_sm-6 
missing: /data/projects/r21-cardgame/derivatives/fsl/confounds/sub-203/sub-203_task-cardgame_run-2_desc-fslConfounds.tsv 
missing: /data/projects/r21-cardgame/derivatives/fsl/confounds/sub-203/sub-203_task-cardgame_run-3_desc-fslConfounds.tsv 
missing: /data/projects/r21-cardgame/derivatives/fsl/sub-207/L1_task-cardgame_model-01_type-act_run-01_sm-6 
missing: /data/projects/r21-cardgame/derivatives/fsl/confounds/sub-207/sub-207_task-cardgame_run-2_desc-fslConfounds.tsv 
missing: /data/projects/r21-cardgame/derivatives/fsl/sub-208/L1_task-cardgame_model-01_type-act_run-01_sm-6 
missing: /data/projects/r21-cardgame/derivatives/fsl/confounds/sub-208/sub-208_task-cardgame_run-2_desc-fslConfounds.tsv 
missing: /data/projects/r21-cardgame/derivatives/fsl/confounds/sub-208/sub-208_task-cardgame_run-3_desc-fslConfounds.tsv 
missing: /data/projects/r21-cardgame/derivatives/fsl/confounds/sub-209/sub-209_task-cardgame_run-1_desc-fslConfounds.tsv 
missing: /data/projects/r21-cardgame/derivatives/fsl/confounds/sub-209/sub-209_task-cardgame_run-2_desc-fslConfounds.tsv 
missing: /data/projects/r21-cardgame/derivatives/fsl/confounds/sub-209/sub-209_task-cardgame_run-3_desc-fslConfounds.tsv 
missing: /data/projects/r21-cardgame/derivatives/fsl/confounds/sub-210/sub-210_task-cardgame_run-1_desc-fslConfounds.tsv 
missing: /data/projects/r21-cardgame/derivatives/fsl/confounds/sub-210/sub-210_task-cardgame_run-2_desc-fslConfounds.tsv 
missing: /data/projects/r21-cardgame/derivatives/fsl/confounds/sub-210/sub-210_task-cardgame_run-3_desc-fslConfounds.tsv 
missing: /data/projects/r21-cardgame/derivatives/fsl/confounds/sub-211/sub-211_task-cardgame_run-1_desc-fslConfounds.tsv 
missing: /data/projects/r21-cardgame/derivatives/fsl/confounds/sub-211/sub-211_task-cardgame_run-2_desc-fslConfounds.tsv 
missing: /data/projects/r21-cardgame/derivatives/fsl/confounds/sub-211/sub-211_task-cardgame_run-3_desc-fslConfounds.tsv 
missing: /data/projects/r21-cardgame/derivatives/fsl/confounds/sub-212/sub-212_task-cardgame_run-1_desc-fslConfounds.tsv 
missing: /data/projects/r21-cardgame/derivatives/fsl/confounds/sub-212/sub-212_task-cardgame_run-2_desc-fslConfounds.tsv 
missing: /data/projects/r21-cardgame/derivatives/fsl/sub-213/L1_task-cardgame_model-01_type-act_run-01_sm-6 
missing: /data/projects/r21-cardgame/derivatives/fsl/sub-213/L1_task-cardgame_model-01_type-act_run-02_sm-6 
missing: /data/projects/r21-cardgame/derivatives/fsl/sub-214/L1_task-cardgame_model-01_type-act_run-01_sm-6 
missing: /data/projects/r21-cardgame/derivatives/fsl/sub-214/L1_task-cardgame_model-01_type-act_run-02_sm-6 
missing: /data/projects/r21-cardgame/derivatives/fsl/sub-214/L1_task-cardgame_model-01_type-act_run-03_sm-6 
missing: /data/projects/r21-cardgame/derivatives/fsl/sub-215/L1_task-cardgame_model-01_type-act_run-01_sm-6 
missing: /data/projects/r21-cardgame/derivatives/fsl/sub-215/L1_task-cardgame_model-01_type-act_run-02_sm-6 
missing: /data/projects/r21-cardgame/derivatives/fsl/sub-215/L1_task-cardgame_model-01_type-act_run-03_sm-6 
missing: /data/projects/r21-cardgame/derivatives/fsl/sub-216/L1_task-cardgame_model-01_type-act_run-01_sm-6 
missing: /data/projects/r21-cardgame/derivatives/fsl/sub-216/L1_task-cardgame_model-01_type-act_run-02_sm-6 
missing: /data/projects/r21-cardgame/derivatives/fsl/sub-217/L1_task-cardgame_model-01_type-act_run-01_sm-6 
missing: /data/projects/r21-cardgame/derivatives/fsl/sub-217/L1_task-cardgame_model-01_type-act_run-02_sm-6 
missing: /data/projects/r21-cardgame/derivatives/fsl/sub-217/L1_task-cardgame_model-01_type-act_run-03_sm-6 
missing: /data/projects/r21-cardgame/derivatives/fsl/sub-218/L1_task-cardgame_model-01_type-act_run-01_sm-6 
missing: /data/projects/r21-cardgame/derivatives/fsl/sub-218/L1_task-cardgame_model-01_type-act_run-02_sm-6 
missing: /data/projects/r21-cardgame/derivatives/fsl/sub-218/L1_task-cardgame_model-01_type-act_run-03_sm-6 
missing: /data/projects/r21-cardgame/derivatives/fsl/sub-219/L1_task-cardgame_model-01_type-act_run-01_sm-6 
missing: /data/projects/r21-cardgame/derivatives/fsl/sub-219/L1_task-cardgame_model-01_type-act_run-02_sm-6 
missing: /data/projects/r21-cardgame/derivatives/fsl/sub-219/L1_task-cardgame_model-01_type-act_run-03_sm-6 
missing: /data/projects/r21-cardgame/derivatives/fsl/sub-220/L1_task-cardgame_model-01_type-act_run-01_sm-6 
missing: /data/projects/r21-cardgame/derivatives/fsl/sub-220/L1_task-cardgame_model-01_type-act_run-02_sm-6 
missing: /data/projects/r21-cardgame/derivatives/fsl/sub-220/L1_task-cardgame_model-01_type-act_run-03_sm-6 
missing: /data/projects/r21-cardgame/derivatives/fsl/sub-221/L1_task-cardgame_model-01_type-act_run-01_sm-6 
missing: /data/projects/r21-cardgame/derivatives/fsl/sub-221/L1_task-cardgame_model-01_type-act_run-02_sm-6 
missing: /data/projects/r21-cardgame/derivatives/fsl/sub-221/L1_task-cardgame_model-01_type-act_run-03_sm-6 
missing: /data/projects/r21-cardgame/derivatives/fsl/sub-222/L1_task-cardgame_model-01_type-act_run-01_sm-6 
missing: /data/projects/r21-cardgame/derivatives/fsl/sub-222/L1_task-cardgame_model-01_type-act_run-02_sm-6 
missing: /data/projects/r21-cardgame/derivatives/fsl/confounds/sub-222/sub-222_task-cardgame_run-3_desc-fslConfounds.tsv 
missing: /data/projects/r21-cardgame/derivatives/fsl/sub-225/L1_task-cardgame_model-01_type-act_run-01_sm-6 
missing: /data/projects/r21-cardgame/derivatives/fsl/confounds/sub-225/sub-225_task-cardgame_run-2_desc-fslConfounds.tsv 
missing: /data/projects/r21-cardgame/derivatives/fsl/confounds/sub-225/sub-225_task-cardgame_run-3_desc-fslConfounds.tsv 
missing: /data/projects/r21-cardgame/derivatives/fsl/confounds/sub-227/sub-227_task-cardgame_run-1_desc-fslConfounds.tsv 
missing: /data/projects/r21-cardgame/derivatives/fsl/sub-227/L1_task-cardgame_model-01_type-act_run-02_sm-6 
missing: /data/projects/r21-cardgame/derivatives/fsl/sub-227/L1_task-cardgame_model-01_type-act_run-03_sm-6 
missing: /data/projects/r21-cardgame/derivatives/fsl/sub-228/L1_task-cardgame_model-01_type-act_run-01_sm-6 
missing: /data/projects/r21-cardgame/derivatives/fsl/sub-228/L1_task-cardgame_model-01_type-act_run-02_sm-6 
missing: /data/projects/r21-cardgame/derivatives/fsl/sub-228/L1_task-cardgame_model-01_type-act_run-03_sm-6 
missing: /data/projects/r21-cardgame/derivatives/fsl/confounds/sub-230/sub-230_task-cardgame_run-1_desc-fslConfounds.tsv 
missing: /data/projects/r21-cardgame/derivatives/fsl/confounds/sub-230/sub-230_task-cardgame_run-2_desc-fslConfounds.tsv 
missing: /data/projects/r21-cardgame/derivatives/fsl/confounds/sub-230/sub-230_task-cardgame_run-3_desc-fslConfounds.tsv 
missing: /data/projects/r21-cardgame/derivatives/fsl/sub-231/L1_task-cardgame_model-01_type-act_run-01_sm-6 
missing: /data/projects/r21-cardgame/derivatives/fsl/confounds/sub-231/sub-231_task-cardgame_run-2_desc-fslConfounds.tsv 
missing: /data/projects/r21-cardgame/derivatives/fsl/sub-231/L1_task-cardgame_model-01_type-act_run-03_sm-6 
missing: /data/projects/r21-cardgame/derivatives/fsl/sub-232/L1_task-cardgame_model-01_type-act_run-01_sm-6 
missing: /data/projects/r21-cardgame/derivatives/fsl/sub-232/L1_task-cardgame_model-01_type-act_run-02_sm-6 
missing: /data/projects/r21-cardgame/derivatives/fsl/confounds/sub-232/sub-232_task-cardgame_run-3_desc-fslConfounds.tsv 
missing: /data/projects/r21-cardgame/derivatives/fsl/confounds/sub-232/sub-232_task-cardgame_run-4_desc-fslConfounds.tsv 
missing: /data/projects/r21-cardgame/derivatives/fsl/sub-232/L1_task-cardgame_model-01_type-act_run-05_sm-6 
missing: /data/projects/r21-cardgame/derivatives/fsl/confounds/sub-234/sub-234_task-cardgame_run-1_desc-fslConfounds.tsv 
missing: /data/projects/r21-cardgame/derivatives/fsl/sub-234/L1_task-cardgame_model-01_type-act_run-02_sm-6 
missing: /data/projects/r21-cardgame/derivatives/fsl/sub-234/L1_task-cardgame_model-01_type-act_run-03_sm-6 
missing: /data/projects/r21-cardgame/derivatives/fsl/confounds/sub-226/sub-226_task-cardgame_run-1_desc-fslConfounds.tsv 
missing: /data/projects/r21-cardgame/derivatives/fsl/confounds/sub-226/sub-226_task-cardgame_run-2_desc-fslConfounds.tsv 
missing: /data/projects/r21-cardgame/derivatives/fsl/confounds/sub-226/sub-226_task-cardgame_run-3_desc-fslConfounds.tsv 
missing: /data/projects/r21-cardgame/derivatives/fsl/confounds/sub-233/sub-233_task-cardgame_run-1_desc-fslConfounds.tsv 
missing: /data/projects/r21-cardgame/derivatives/fsl/confounds/sub-233/sub-233_task-cardgame_run-2_desc-fslConfounds.tsv 
missing: /data/projects/r21-cardgame/derivatives/fsl/confounds/sub-235/sub-235_task-cardgame_run-1_desc-fslConfounds.tsv 
missing: /data/projects/r21-cardgame/derivatives/fsl/confounds/sub-235/sub-235_task-cardgame_run-2_desc-fslConfounds.tsv 
missing: /data/projects/r21-cardgame/derivatives/fsl/confounds/sub-235/sub-235_task-cardgame_run-3_desc-fslConfounds.tsv 
missing: /data/projects/r21-cardgame/derivatives/fsl/confounds/sub-236/sub-236_task-cardgame_run-1_desc-fslConfounds.tsv 
missing: /data/projects/r21-cardgame/derivatives/fsl/confounds/sub-236/sub-236_task-cardgame_run-2_desc-fslConfounds.tsv 
missing: /data/projects/r21-cardgame/derivatives/fsl/confounds/sub-236/sub-236_task-cardgame_run-3_desc-fslConfounds.tsv 
missing: /data/projects/r21-cardgame/derivatives/fsl/confounds/sub-237/sub-237_task-cardgame_run-1_desc-fslConfounds.tsv 
missing: /data/projects/r21-cardgame/derivatives/fsl/confounds/sub-237/sub-237_task-cardgame_run-2_desc-fslConfounds.tsv 
missing: /data/projects/r21-cardgame/derivatives/fsl/confounds/sub-237/sub-237_task-cardgame_run-3_desc-fslConfounds.tsv 
missing: /data/projects/r21-cardgame/derivatives/fsl/confounds/sub-238/sub-238_task-cardgame_run-1_desc-fslConfounds.tsv 
missing: /data/projects/r21-cardgame/derivatives/fsl/confounds/sub-238/sub-238_task-cardgame_run-2_desc-fslConfounds.tsv 
missing: /data/projects/r21-cardgame/derivatives/fsl/confounds/sub-238/sub-238_task-cardgame_run-3_desc-fslConfounds.tsv 
missing: /data/projects/r21-cardgame/derivatives/fsl/sub-189/L1_task-cardgame_model-01_type-ppi_seed-TPJ_run-01_sm-6 
missing: /data/projects/r21-cardgame/derivatives/fsl/confounds/sub-189/sub-189_task-cardgame_run-2_desc-fslConfounds.tsv 
missing: /data/projects/r21-cardgame/derivatives/fsl/confounds/sub-189/sub-189_task-cardgame_run-3_desc-fslConfounds.tsv 
missing: /data/projects/r21-cardgame/derivatives/fsl/sub-203/L1_task-cardgame_model-01_type-ppi_seed-TPJ_run-01_sm-6 
missing: /data/projects/r21-cardgame/derivatives/fsl/confounds/sub-203/sub-203_task-cardgame_run-2_desc-fslConfounds.tsv 
missing: /data/projects/r21-cardgame/derivatives/fsl/confounds/sub-203/sub-203_task-cardgame_run-3_desc-fslConfounds.tsv 
missing: /data/projects/r21-cardgame/derivatives/fsl/sub-207/L1_task-cardgame_model-01_type-ppi_seed-TPJ_run-01_sm-6 
missing: /data/projects/r21-cardgame/derivatives/fsl/confounds/sub-207/sub-207_task-cardgame_run-2_desc-fslConfounds.tsv 
missing: /data/projects/r21-cardgame/derivatives/fsl/sub-208/L1_task-cardgame_model-01_type-ppi_seed-TPJ_run-01_sm-6 
missing: /data/projects/r21-cardgame/derivatives/fsl/confounds/sub-208/sub-208_task-cardgame_run-2_desc-fslConfounds.tsv 
missing: /data/projects/r21-cardgame/derivatives/fsl/confounds/sub-208/sub-208_task-cardgame_run-3_desc-fslConfounds.tsv 
missing: /data/projects/r21-cardgame/derivatives/fsl/confounds/sub-209/sub-209_task-cardgame_run-1_desc-fslConfounds.tsv 
missing: /data/projects/r21-cardgame/derivatives/fsl/confounds/sub-209/sub-209_task-cardgame_run-2_desc-fslConfounds.tsv 
missing: /data/projects/r21-cardgame/derivatives/fsl/confounds/sub-209/sub-209_task-cardgame_run-3_desc-fslConfounds.tsv 
missing: /data/projects/r21-cardgame/derivatives/fsl/confounds/sub-210/sub-210_task-cardgame_run-1_desc-fslConfounds.tsv 
missing: /data/projects/r21-cardgame/derivatives/fsl/confounds/sub-210/sub-210_task-cardgame_run-2_desc-fslConfounds.tsv 
missing: /data/projects/r21-cardgame/derivatives/fsl/confounds/sub-210/sub-210_task-cardgame_run-3_desc-fslConfounds.tsv 
missing: /data/projects/r21-cardgame/derivatives/fsl/confounds/sub-211/sub-211_task-cardgame_run-1_desc-fslConfounds.tsv 
missing: /data/projects/r21-cardgame/derivatives/fsl/confounds/sub-211/sub-211_task-cardgame_run-2_desc-fslConfounds.tsv 
missing: /data/projects/r21-cardgame/derivatives/fsl/confounds/sub-211/sub-211_task-cardgame_run-3_desc-fslConfounds.tsv 
missing: /data/projects/r21-cardgame/derivatives/fsl/confounds/sub-212/sub-212_task-cardgame_run-1_desc-fslConfounds.tsv 
missing: /data/projects/r21-cardgame/derivatives/fsl/confounds/sub-212/sub-212_task-cardgame_run-2_desc-fslConfounds.tsv 
missing: /data/projects/r21-cardgame/derivatives/fsl/sub-213/L1_task-cardgame_model-01_type-ppi_seed-TPJ_run-01_sm-6 
missing: /data/projects/r21-cardgame/derivatives/fsl/sub-213/L1_task-cardgame_model-01_type-ppi_seed-TPJ_run-02_sm-6 
missing: /data/projects/r21-cardgame/derivatives/fsl/sub-214/L1_task-cardgame_model-01_type-ppi_seed-TPJ_run-01_sm-6 
missing: /data/projects/r21-cardgame/derivatives/fsl/sub-214/L1_task-cardgame_model-01_type-ppi_seed-TPJ_run-02_sm-6 
missing: /data/projects/r21-cardgame/derivatives/fsl/sub-214/L1_task-cardgame_model-01_type-ppi_seed-TPJ_run-03_sm-6 
missing: /data/projects/r21-cardgame/derivatives/fsl/sub-215/L1_task-cardgame_model-01_type-ppi_seed-TPJ_run-01_sm-6 
missing: /data/projects/r21-cardgame/derivatives/fsl/sub-215/L1_task-cardgame_model-01_type-ppi_seed-TPJ_run-02_sm-6 
missing: /data/projects/r21-cardgame/derivatives/fsl/sub-215/L1_task-cardgame_model-01_type-ppi_seed-TPJ_run-03_sm-6 
missing: /data/projects/r21-cardgame/derivatives/fsl/sub-216/L1_task-cardgame_model-01_type-ppi_seed-TPJ_run-01_sm-6 
missing: /data/projects/r21-cardgame/derivatives/fsl/sub-216/L1_task-cardgame_model-01_type-ppi_seed-TPJ_run-02_sm-6 
missing: /data/projects/r21-cardgame/derivatives/fsl/sub-217/L1_task-cardgame_model-01_type-ppi_seed-TPJ_run-01_sm-6 
missing: /data/projects/r21-cardgame/derivatives/fsl/sub-217/L1_task-cardgame_model-01_type-ppi_seed-TPJ_run-02_sm-6 
missing: /data/projects/r21-cardgame/derivatives/fsl/sub-217/L1_task-cardgame_model-01_type-ppi_seed-TPJ_run-03_sm-6 
missing: /data/projects/r21-cardgame/derivatives/fsl/sub-218/L1_task-cardgame_model-01_type-ppi_seed-TPJ_run-01_sm-6 
missing: /data/projects/r21-cardgame/derivatives/fsl/sub-218/L1_task-cardgame_model-01_type-ppi_seed-TPJ_run-02_sm-6 
missing: /data/projects/r21-cardgame/derivatives/fsl/sub-218/L1_task-cardgame_model-01_type-ppi_seed-TPJ_run-03_sm-6 
missing: /data/projects/r21-cardgame/derivatives/fsl/sub-219/L1_task-cardgame_model-01_type-ppi_seed-TPJ_run-01_sm-6 
missing: /data/projects/r21-cardgame/derivatives/fsl/sub-219/L1_task-cardgame_model-01_type-ppi_seed-TPJ_run-02_sm-6 
missing: /data/projects/r21-cardgame/derivatives/fsl/sub-219/L1_task-cardgame_model-01_type-ppi_seed-TPJ_run-03_sm-6 
missing: /data/projects/r21-cardgame/derivatives/fsl/sub-220/L1_task-cardgame_model-01_type-ppi_seed-TPJ_run-01_sm-6 
missing: /data/projects/r21-cardgame/derivatives/fsl/sub-220/L1_task-cardgame_model-01_type-ppi_seed-TPJ_run-02_sm-6 
missing: /data/projects/r21-cardgame/derivatives/fsl/sub-220/L1_task-cardgame_model-01_type-ppi_seed-TPJ_run-03_sm-6 
missing: /data/projects/r21-cardgame/derivatives/fsl/sub-221/L1_task-cardgame_model-01_type-ppi_seed-TPJ_run-01_sm-6 
missing: /data/projects/r21-cardgame/derivatives/fsl/sub-221/L1_task-cardgame_model-01_type-ppi_seed-TPJ_run-02_sm-6 
missing: /data/projects/r21-cardgame/derivatives/fsl/sub-221/L1_task-cardgame_model-01_type-ppi_seed-TPJ_run-03_sm-6 
missing: /data/projects/r21-cardgame/derivatives/fsl/sub-222/L1_task-cardgame_model-01_type-ppi_seed-TPJ_run-01_sm-6 
missing: /data/projects/r21-cardgame/derivatives/fsl/sub-222/L1_task-cardgame_model-01_type-ppi_seed-TPJ_run-02_sm-6 
missing: /data/projects/r21-cardgame/derivatives/fsl/confounds/sub-222/sub-222_task-cardgame_run-3_desc-fslConfounds.tsv 
missing: /data/projects/r21-cardgame/derivatives/fsl/sub-225/L1_task-cardgame_model-01_type-ppi_seed-TPJ_run-01_sm-6 
missing: /data/projects/r21-cardgame/derivatives/fsl/confounds/sub-225/sub-225_task-cardgame_run-2_desc-fslConfounds.tsv 
missing: /data/projects/r21-cardgame/derivatives/fsl/confounds/sub-225/sub-225_task-cardgame_run-3_desc-fslConfounds.tsv 
missing: /data/projects/r21-cardgame/derivatives/fsl/confounds/sub-227/sub-227_task-cardgame_run-1_desc-fslConfounds.tsv 
missing: /data/projects/r21-cardgame/derivatives/fsl/sub-227/L1_task-cardgame_model-01_type-ppi_seed-TPJ_run-02_sm-6 
missing: /data/projects/r21-cardgame/derivatives/fsl/sub-227/L1_task-cardgame_model-01_type-ppi_seed-TPJ_run-03_sm-6 
missing: /data/projects/r21-cardgame/derivatives/fsl/sub-228/L1_task-cardgame_model-01_type-ppi_seed-TPJ_run-01_sm-6 
missing: /data/projects/r21-cardgame/derivatives/fsl/sub-228/L1_task-cardgame_model-01_type-ppi_seed-TPJ_run-02_sm-6 
missing: /data/projects/r21-cardgame/derivatives/fsl/sub-228/L1_task-cardgame_model-01_type-ppi_seed-TPJ_run-03_sm-6 
missing: /data/projects/r21-cardgame/derivatives/fsl/confounds/sub-230/sub-230_task-cardgame_run-1_desc-fslConfounds.tsv 
missing: /data/projects/r21-cardgame/derivatives/fsl/confounds/sub-230/sub-230_task-cardgame_run-2_desc-fslConfounds.tsv 
missing: /data/projects/r21-cardgame/derivatives/fsl/confounds/sub-230/sub-230_task-cardgame_run-3_desc-fslConfounds.tsv 
missing: /data/projects/r21-cardgame/derivatives/fsl/sub-231/L1_task-cardgame_model-01_type-ppi_seed-TPJ_run-01_sm-6 
missing: /data/projects/r21-cardgame/derivatives/fsl/confounds/sub-231/sub-231_task-cardgame_run-2_desc-fslConfounds.tsv 
missing: /data/projects/r21-cardgame/derivatives/fsl/sub-231/L1_task-cardgame_model-01_type-ppi_seed-TPJ_run-03_sm-6 
missing: /data/projects/r21-cardgame/derivatives/fsl/sub-232/L1_task-cardgame_model-01_type-ppi_seed-TPJ_run-01_sm-6 
missing: /data/projects/r21-cardgame/derivatives/fsl/sub-232/L1_task-cardgame_model-01_type-ppi_seed-TPJ_run-02_sm-6 
missing: /data/projects/r21-cardgame/derivatives/fsl/confounds/sub-232/sub-232_task-cardgame_run-3_desc-fslConfounds.tsv 
missing: /data/projects/r21-cardgame/derivatives/fsl/confounds/sub-232/sub-232_task-cardgame_run-4_desc-fslConfounds.tsv 
missing: /data/projects/r21-cardgame/derivatives/fsl/sub-232/L1_task-cardgame_model-01_type-ppi_seed-TPJ_run-05_sm-6 
missing: /data/projects/r21-cardgame/derivatives/fsl/confounds/sub-234/sub-234_task-cardgame_run-1_desc-fslConfounds.tsv 
missing: /data/projects/r21-cardgame/derivatives/fsl/sub-234/L1_task-cardgame_model-01_type-ppi_seed-TPJ_run-02_sm-6 
missing: /data/projects/r21-cardgame/derivatives/fsl/sub-234/L1_task-cardgame_model-01_type-ppi_seed-TPJ_run-03_sm-6 
missing: /data/projects/r21-cardgame/derivatives/fsl/confounds/sub-226/sub-226_task-cardgame_run-1_desc-fslConfounds.tsv 
missing: /data/projects/r21-cardgame/derivatives/fsl/confounds/sub-226/sub-226_task-cardgame_run-2_desc-fslConfounds.tsv 
missing: /data/projects/r21-cardgame/derivatives/fsl/confounds/sub-226/sub-226_task-cardgame_run-3_desc-fslConfounds.tsv 
missing: /data/projects/r21-cardgame/derivatives/fsl/confounds/sub-233/sub-233_task-cardgame_run-1_desc-fslConfounds.tsv 
missing: /data/projects/r21-cardgame/derivatives/fsl/confounds/sub-233/sub-233_task-cardgame_run-2_desc-fslConfounds.tsv 
missing: /data/projects/r21-cardgame/derivatives/fsl/confounds/sub-235/sub-235_task-cardgame_run-1_desc-fslConfounds.tsv 
missing: /data/projects/r21-cardgame/derivatives/fsl/confounds/sub-235/sub-235_task-cardgame_run-2_desc-fslConfounds.tsv 
missing: /data/projects/r21-cardgame/derivatives/fsl/confounds/sub-235/sub-235_task-cardgame_run-3_desc-fslConfounds.tsv 
missing: /data/projects/r21-cardgame/derivatives/fsl/confounds/sub-236/sub-236_task-cardgame_run-1_desc-fslConfounds.tsv 
missing: /data/projects/r21-cardgame/derivatives/fsl/confounds/sub-236/sub-236_task-cardgame_run-2_desc-fslConfounds.tsv 
missing: /data/projects/r21-cardgame/derivatives/fsl/confounds/sub-236/sub-236_task-cardgame_run-3_desc-fslConfounds.tsv 
missing: /data/projects/r21-cardgame/derivatives/fsl/confounds/sub-237/sub-237_task-cardgame_run-1_desc-fslConfounds.tsv 
missing: /data/projects/r21-cardgame/derivatives/fsl/confounds/sub-237/sub-237_task-cardgame_run-2_desc-fslConfounds.tsv 
missing: /data/projects/r21-cardgame/derivatives/fsl/confounds/sub-237/sub-237_task-cardgame_run-3_desc-fslConfounds.tsv 
missing: /data/projects/r21-cardgame/derivatives/fsl/confounds/sub-238/sub-238_task-cardgame_run-1_desc-fslConfounds.tsv 
missing: /data/projects/r21-cardgame/derivatives/fsl/confounds/sub-238/sub-238_task-cardgame_run-2_desc-fslConfounds.tsv 
missing: /data/projects/r21-cardgame/derivatives/fsl/confounds/sub-238/sub-238_task-cardgame_run-3_desc-fslConfounds.tsv 
missing: /data/projects/r21-cardgame/derivatives/fsl/confounds/sub-189/sub-189_task-cardgame_run-2_desc-fslConfounds.tsv 
missing: /data/projects/r21-cardgame/derivatives/fsl/confounds/sub-189/sub-189_task-cardgame_run-3_desc-fslConfounds.tsv 
missing: /data/projects/r21-cardgame/derivatives/fsl/sub-203/L1_task-cardgame_model-01_type-ppi_seed-VLPFC_run-01_sm-6 
missing: /data/projects/r21-cardgame/derivatives/fsl/confounds/sub-203/sub-203_task-cardgame_run-2_desc-fslConfounds.tsv 
missing: /data/projects/r21-cardgame/derivatives/fsl/confounds/sub-203/sub-203_task-cardgame_run-3_desc-fslConfounds.tsv 
missing: /data/projects/r21-cardgame/derivatives/fsl/sub-207/L1_task-cardgame_model-01_type-ppi_seed-VLPFC_run-01_sm-6 
missing: /data/projects/r21-cardgame/derivatives/fsl/confounds/sub-207/sub-207_task-cardgame_run-2_desc-fslConfounds.tsv 
missing: /data/projects/r21-cardgame/derivatives/fsl/sub-208/L1_task-cardgame_model-01_type-ppi_seed-VLPFC_run-01_sm-6 
missing: /data/projects/r21-cardgame/derivatives/fsl/confounds/sub-208/sub-208_task-cardgame_run-2_desc-fslConfounds.tsv 
missing: /data/projects/r21-cardgame/derivatives/fsl/confounds/sub-208/sub-208_task-cardgame_run-3_desc-fslConfounds.tsv 
missing: /data/projects/r21-cardgame/derivatives/fsl/confounds/sub-209/sub-209_task-cardgame_run-1_desc-fslConfounds.tsv 
missing: /data/projects/r21-cardgame/derivatives/fsl/confounds/sub-209/sub-209_task-cardgame_run-2_desc-fslConfounds.tsv 
missing: /data/projects/r21-cardgame/derivatives/fsl/confounds/sub-209/sub-209_task-cardgame_run-3_desc-fslConfounds.tsv 
missing: /data/projects/r21-cardgame/derivatives/fsl/confounds/sub-210/sub-210_task-cardgame_run-1_desc-fslConfounds.tsv 
missing: /data/projects/r21-cardgame/derivatives/fsl/confounds/sub-210/sub-210_task-cardgame_run-2_desc-fslConfounds.tsv 
missing: /data/projects/r21-cardgame/derivatives/fsl/confounds/sub-210/sub-210_task-cardgame_run-3_desc-fslConfounds.tsv 
missing: /data/projects/r21-cardgame/derivatives/fsl/confounds/sub-211/sub-211_task-cardgame_run-1_desc-fslConfounds.tsv 
missing: /data/projects/r21-cardgame/derivatives/fsl/confounds/sub-211/sub-211_task-cardgame_run-2_desc-fslConfounds.tsv 
missing: /data/projects/r21-cardgame/derivatives/fsl/confounds/sub-211/sub-211_task-cardgame_run-3_desc-fslConfounds.tsv 
missing: /data/projects/r21-cardgame/derivatives/fsl/confounds/sub-212/sub-212_task-cardgame_run-1_desc-fslConfounds.tsv 
missing: /data/projects/r21-cardgame/derivatives/fsl/confounds/sub-212/sub-212_task-cardgame_run-2_desc-fslConfounds.tsv 
missing: /data/projects/r21-cardgame/derivatives/fsl/sub-213/L1_task-cardgame_model-01_type-ppi_seed-VLPFC_run-01_sm-6 
missing: /data/projects/r21-cardgame/derivatives/fsl/sub-213/L1_task-cardgame_model-01_type-ppi_seed-VLPFC_run-02_sm-6 
missing: /data/projects/r21-cardgame/derivatives/fsl/sub-214/L1_task-cardgame_model-01_type-ppi_seed-VLPFC_run-01_sm-6 
missing: /data/projects/r21-cardgame/derivatives/fsl/sub-214/L1_task-cardgame_model-01_type-ppi_seed-VLPFC_run-02_sm-6 
missing: /data/projects/r21-cardgame/derivatives/fsl/sub-214/L1_task-cardgame_model-01_type-ppi_seed-VLPFC_run-03_sm-6 
missing: /data/projects/r21-cardgame/derivatives/fsl/sub-215/L1_task-cardgame_model-01_type-ppi_seed-VLPFC_run-01_sm-6 
missing: /data/projects/r21-cardgame/derivatives/fsl/sub-215/L1_task-cardgame_model-01_type-ppi_seed-VLPFC_run-02_sm-6 
missing: /data/projects/r21-cardgame/derivatives/fsl/sub-215/L1_task-cardgame_model-01_type-ppi_seed-VLPFC_run-03_sm-6 
missing: /data/projects/r21-cardgame/derivatives/fsl/sub-216/L1_task-cardgame_model-01_type-ppi_seed-VLPFC_run-01_sm-6 
missing: /data/projects/r21-cardgame/derivatives/fsl/sub-216/L1_task-cardgame_model-01_type-ppi_seed-VLPFC_run-02_sm-6 
missing: /data/projects/r21-cardgame/derivatives/fsl/sub-217/L1_task-cardgame_model-01_type-ppi_seed-VLPFC_run-01_sm-6 
missing: /data/projects/r21-cardgame/derivatives/fsl/sub-217/L1_task-cardgame_model-01_type-ppi_seed-VLPFC_run-02_sm-6 
missing: /data/projects/r21-cardgame/derivatives/fsl/sub-217/L1_task-cardgame_model-01_type-ppi_seed-VLPFC_run-03_sm-6 
missing: /data/projects/r21-cardgame/derivatives/fsl/sub-218/L1_task-cardgame_model-01_type-ppi_seed-VLPFC_run-01_sm-6 
missing: /data/projects/r21-cardgame/derivatives/fsl/sub-218/L1_task-cardgame_model-01_type-ppi_seed-VLPFC_run-02_sm-6 
missing: /data/projects/r21-cardgame/derivatives/fsl/sub-218/L1_task-cardgame_model-01_type-ppi_seed-VLPFC_run-03_sm-6 
missing: /data/projects/r21-cardgame/derivatives/fsl/sub-219/L1_task-cardgame_model-01_type-ppi_seed-VLPFC_run-01_sm-6 
missing: /data/projects/r21-cardgame/derivatives/fsl/sub-219/L1_task-cardgame_model-01_type-ppi_seed-VLPFC_run-02_sm-6 
missing: /data/projects/r21-cardgame/derivatives/fsl/sub-219/L1_task-cardgame_model-01_type-ppi_seed-VLPFC_run-03_sm-6 
missing: /data/projects/r21-cardgame/derivatives/fsl/sub-220/L1_task-cardgame_model-01_type-ppi_seed-VLPFC_run-01_sm-6 
missing: /data/projects/r21-cardgame/derivatives/fsl/sub-220/L1_task-cardgame_model-01_type-ppi_seed-VLPFC_run-02_sm-6 
missing: /data/projects/r21-cardgame/derivatives/fsl/sub-220/L1_task-cardgame_model-01_type-ppi_seed-VLPFC_run-03_sm-6 
missing: /data/projects/r21-cardgame/derivatives/fsl/sub-221/L1_task-cardgame_model-01_type-ppi_seed-VLPFC_run-01_sm-6 
missing: /data/projects/r21-cardgame/derivatives/fsl/sub-221/L1_task-cardgame_model-01_type-ppi_seed-VLPFC_run-02_sm-6 
missing: /data/projects/r21-cardgame/derivatives/fsl/sub-221/L1_task-cardgame_model-01_type-ppi_seed-VLPFC_run-03_sm-6 
missing: /data/projects/r21-cardgame/derivatives/fsl/sub-222/L1_task-cardgame_model-01_type-ppi_seed-VLPFC_run-01_sm-6 
missing: /data/projects/r21-cardgame/derivatives/fsl/sub-222/L1_task-cardgame_model-01_type-ppi_seed-VLPFC_run-02_sm-6 
missing: /data/projects/r21-cardgame/derivatives/fsl/confounds/sub-222/sub-222_task-cardgame_run-3_desc-fslConfounds.tsv 
missing: /data/projects/r21-cardgame/derivatives/fsl/sub-225/L1_task-cardgame_model-01_type-ppi_seed-VLPFC_run-01_sm-6 
missing: /data/projects/r21-cardgame/derivatives/fsl/confounds/sub-225/sub-225_task-cardgame_run-2_desc-fslConfounds.tsv 
missing: /data/projects/r21-cardgame/derivatives/fsl/confounds/sub-225/sub-225_task-cardgame_run-3_desc-fslConfounds.tsv 
missing: /data/projects/r21-cardgame/derivatives/fsl/confounds/sub-227/sub-227_task-cardgame_run-1_desc-fslConfounds.tsv 
missing: /data/projects/r21-cardgame/derivatives/fsl/sub-227/L1_task-cardgame_model-01_type-ppi_seed-VLPFC_run-02_sm-6 
missing: /data/projects/r21-cardgame/derivatives/fsl/sub-227/L1_task-cardgame_model-01_type-ppi_seed-VLPFC_run-03_sm-6 
missing: /data/projects/r21-cardgame/derivatives/fsl/sub-228/L1_task-cardgame_model-01_type-ppi_seed-VLPFC_run-01_sm-6 
missing: /data/projects/r21-cardgame/derivatives/fsl/sub-228/L1_task-cardgame_model-01_type-ppi_seed-VLPFC_run-02_sm-6 
missing: /data/projects/r21-cardgame/derivatives/fsl/sub-228/L1_task-cardgame_model-01_type-ppi_seed-VLPFC_run-03_sm-6 
missing: /data/projects/r21-cardgame/derivatives/fsl/confounds/sub-230/sub-230_task-cardgame_run-1_desc-fslConfounds.tsv 
missing: /data/projects/r21-cardgame/derivatives/fsl/confounds/sub-230/sub-230_task-cardgame_run-2_desc-fslConfounds.tsv 
missing: /data/projects/r21-cardgame/derivatives/fsl/confounds/sub-230/sub-230_task-cardgame_run-3_desc-fslConfounds.tsv 
missing: /data/projects/r21-cardgame/derivatives/fsl/sub-231/L1_task-cardgame_model-01_type-ppi_seed-VLPFC_run-01_sm-6 
missing: /data/projects/r21-cardgame/derivatives/fsl/confounds/sub-231/sub-231_task-cardgame_run-2_desc-fslConfounds.tsv 
missing: /data/projects/r21-cardgame/derivatives/fsl/sub-231/L1_task-cardgame_model-01_type-ppi_seed-VLPFC_run-03_sm-6 
missing: /data/projects/r21-cardgame/derivatives/fsl/sub-232/L1_task-cardgame_model-01_type-ppi_seed-VLPFC_run-01_sm-6 
missing: /data/projects/r21-cardgame/derivatives/fsl/sub-232/L1_task-cardgame_model-01_type-ppi_seed-VLPFC_run-02_sm-6 
missing: /data/projects/r21-cardgame/derivatives/fsl/confounds/sub-232/sub-232_task-cardgame_run-3_desc-fslConfounds.tsv 
missing: /data/projects/r21-cardgame/derivatives/fsl/confounds/sub-232/sub-232_task-cardgame_run-4_desc-fslConfounds.tsv 
missing: /data/projects/r21-cardgame/derivatives/fsl/sub-232/L1_task-cardgame_model-01_type-ppi_seed-VLPFC_run-05_sm-6 
missing: /data/projects/r21-cardgame/derivatives/fsl/confounds/sub-234/sub-234_task-cardgame_run-1_desc-fslConfounds.tsv 
missing: /data/projects/r21-cardgame/derivatives/fsl/sub-234/L1_task-cardgame_model-01_type-ppi_seed-VLPFC_run-02_sm-6 
missing: /data/projects/r21-cardgame/derivatives/fsl/sub-234/L1_task-cardgame_model-01_type-ppi_seed-VLPFC_run-03_sm-6 
missing: /data/projects/r21-cardgame/derivatives/fsl/confounds/sub-226/sub-226_task-cardgame_run-1_desc-fslConfounds.tsv 
missing: /data/projects/r21-cardgame/derivatives/fsl/confounds/sub-226/sub-226_task-cardgame_run-2_desc-fslConfounds.tsv 
missing: /data/projects/r21-cardgame/derivatives/fsl/confounds/sub-226/sub-226_task-cardgame_run-3_desc-fslConfounds.tsv 
missing: /data/projects/r21-cardgame/derivatives/fsl/confounds/sub-233/sub-233_task-cardgame_run-1_desc-fslConfounds.tsv 
missing: /data/projects/r21-cardgame/derivatives/fsl/confounds/sub-233/sub-233_task-cardgame_run-2_desc-fslConfounds.tsv 
missing: /data/projects/r21-cardgame/derivatives/fsl/confounds/sub-235/sub-235_task-cardgame_run-1_desc-fslConfounds.tsv 
missing: /data/projects/r21-cardgame/derivatives/fsl/confounds/sub-235/sub-235_task-cardgame_run-2_desc-fslConfounds.tsv 
missing: /data/projects/r21-cardgame/derivatives/fsl/confounds/sub-235/sub-235_task-cardgame_run-3_desc-fslConfounds.tsv 
missing: /data/projects/r21-cardgame/derivatives/fsl/confounds/sub-236/sub-236_task-cardgame_run-1_desc-fslConfounds.tsv 
missing: /data/projects/r21-cardgame/derivatives/fsl/confounds/sub-236/sub-236_task-cardgame_run-2_desc-fslConfounds.tsv 
missing: /data/projects/r21-cardgame/derivatives/fsl/confounds/sub-236/sub-236_task-cardgame_run-3_desc-fslConfounds.tsv 
missing: /data/projects/r21-cardgame/derivatives/fsl/confounds/sub-237/sub-237_task-cardgame_run-1_desc-fslConfounds.tsv 
missing: /data/projects/r21-cardgame/derivatives/fsl/confounds/sub-237/sub-237_task-cardgame_run-2_desc-fslConfounds.tsv 
missing: /data/projects/r21-cardgame/derivatives/fsl/confounds/sub-237/sub-237_task-cardgame_run-3_desc-fslConfounds.tsv 
missing: /data/projects/r21-cardgame/derivatives/fsl/confounds/sub-238/sub-238_task-cardgame_run-1_desc-fslConfounds.tsv 
missing: /data/projects/r21-cardgame/derivatives/fsl/confounds/sub-238/sub-238_task-cardgame_run-2_desc-fslConfounds.tsv 
missing: /data/projects/r21-cardgame/derivatives/fsl/confounds/sub-238/sub-238_task-cardgame_run-3_desc-fslConfounds.tsv 
missing: /data/projects/r21-cardgame/derivatives/fsl/sub-189/L1_task-cardgame_model-01_type-nppi-ecn_run-01_sm-6 
missing: /data/projects/r21-cardgame/derivatives/fsl/confounds/sub-189/sub-189_task-cardgame_run-2_desc-fslConfounds.tsv 
missing: /data/projects/r21-cardgame/derivatives/fsl/confounds/sub-189/sub-189_task-cardgame_run-3_desc-fslConfounds.tsv 
missing: /data/projects/r21-cardgame/derivatives/fsl/sub-203/L1_task-cardgame_model-01_type-nppi-ecn_run-01_sm-6 
missing: /data/projects/r21-cardgame/derivatives/fsl/confounds/sub-203/sub-203_task-cardgame_run-2_desc-fslConfounds.tsv 
missing: /data/projects/r21-cardgame/derivatives/fsl/confounds/sub-203/sub-203_task-cardgame_run-3_desc-fslConfounds.tsv 
missing: /data/projects/r21-cardgame/derivatives/fsl/sub-207/L1_task-cardgame_model-01_type-nppi-ecn_run-01_sm-6 
missing: /data/projects/r21-cardgame/derivatives/fsl/confounds/sub-207/sub-207_task-cardgame_run-2_desc-fslConfounds.tsv 
missing: /data/projects/r21-cardgame/derivatives/fsl/sub-208/L1_task-cardgame_model-01_type-nppi-ecn_run-01_sm-6 
missing: /data/projects/r21-cardgame/derivatives/fsl/confounds/sub-208/sub-208_task-cardgame_run-2_desc-fslConfounds.tsv 
missing: /data/projects/r21-cardgame/derivatives/fsl/confounds/sub-208/sub-208_task-cardgame_run-3_desc-fslConfounds.tsv 
missing: /data/projects/r21-cardgame/derivatives/fsl/confounds/sub-209/sub-209_task-cardgame_run-1_desc-fslConfounds.tsv 
missing: /data/projects/r21-cardgame/derivatives/fsl/confounds/sub-209/sub-209_task-cardgame_run-2_desc-fslConfounds.tsv 
missing: /data/projects/r21-cardgame/derivatives/fsl/confounds/sub-209/sub-209_task-cardgame_run-3_desc-fslConfounds.tsv 
missing: /data/projects/r21-cardgame/derivatives/fsl/confounds/sub-210/sub-210_task-cardgame_run-1_desc-fslConfounds.tsv 
missing: /data/projects/r21-cardgame/derivatives/fsl/confounds/sub-210/sub-210_task-cardgame_run-2_desc-fslConfounds.tsv 
missing: /data/projects/r21-cardgame/derivatives/fsl/confounds/sub-210/sub-210_task-cardgame_run-3_desc-fslConfounds.tsv 
missing: /data/projects/r21-cardgame/derivatives/fsl/confounds/sub-211/sub-211_task-cardgame_run-1_desc-fslConfounds.tsv 
missing: /data/projects/r21-cardgame/derivatives/fsl/confounds/sub-211/sub-211_task-cardgame_run-2_desc-fslConfounds.tsv 
missing: /data/projects/r21-cardgame/derivatives/fsl/confounds/sub-211/sub-211_task-cardgame_run-3_desc-fslConfounds.tsv 
missing: /data/projects/r21-cardgame/derivatives/fsl/confounds/sub-212/sub-212_task-cardgame_run-1_desc-fslConfounds.tsv 
missing: /data/projects/r21-cardgame/derivatives/fsl/confounds/sub-212/sub-212_task-cardgame_run-2_desc-fslConfounds.tsv 
missing: /data/projects/r21-cardgame/derivatives/fsl/sub-213/L1_task-cardgame_model-01_type-nppi-ecn_run-01_sm-6 
missing: /data/projects/r21-cardgame/derivatives/fsl/sub-213/L1_task-cardgame_model-01_type-nppi-ecn_run-02_sm-6 
missing: /data/projects/r21-cardgame/derivatives/fsl/sub-214/L1_task-cardgame_model-01_type-nppi-ecn_run-01_sm-6 
missing: /data/projects/r21-cardgame/derivatives/fsl/sub-214/L1_task-cardgame_model-01_type-nppi-ecn_run-02_sm-6 
missing: /data/projects/r21-cardgame/derivatives/fsl/sub-214/L1_task-cardgame_model-01_type-nppi-ecn_run-03_sm-6 
missing: /data/projects/r21-cardgame/derivatives/fsl/sub-215/L1_task-cardgame_model-01_type-nppi-ecn_run-01_sm-6 
missing: /data/projects/r21-cardgame/derivatives/fsl/sub-215/L1_task-cardgame_model-01_type-nppi-ecn_run-02_sm-6 
missing: /data/projects/r21-cardgame/derivatives/fsl/sub-215/L1_task-cardgame_model-01_type-nppi-ecn_run-03_sm-6 
missing: /data/projects/r21-cardgame/derivatives/fsl/sub-216/L1_task-cardgame_model-01_type-nppi-ecn_run-01_sm-6 
missing: /data/projects/r21-cardgame/derivatives/fsl/sub-216/L1_task-cardgame_model-01_type-nppi-ecn_run-02_sm-6 
missing: /data/projects/r21-cardgame/derivatives/fsl/sub-217/L1_task-cardgame_model-01_type-nppi-ecn_run-01_sm-6 
missing: /data/projects/r21-cardgame/derivatives/fsl/sub-217/L1_task-cardgame_model-01_type-nppi-ecn_run-02_sm-6 
missing: /data/projects/r21-cardgame/derivatives/fsl/sub-217/L1_task-cardgame_model-01_type-nppi-ecn_run-03_sm-6 
missing: /data/projects/r21-cardgame/derivatives/fsl/sub-218/L1_task-cardgame_model-01_type-nppi-ecn_run-01_sm-6 
missing: /data/projects/r21-cardgame/derivatives/fsl/sub-218/L1_task-cardgame_model-01_type-nppi-ecn_run-02_sm-6 
missing: /data/projects/r21-cardgame/derivatives/fsl/sub-218/L1_task-cardgame_model-01_type-nppi-ecn_run-03_sm-6 
missing: /data/projects/r21-cardgame/derivatives/fsl/sub-219/L1_task-cardgame_model-01_type-nppi-ecn_run-01_sm-6 
missing: /data/projects/r21-cardgame/derivatives/fsl/sub-219/L1_task-cardgame_model-01_type-nppi-ecn_run-02_sm-6 
missing: /data/projects/r21-cardgame/derivatives/fsl/sub-219/L1_task-cardgame_model-01_type-nppi-ecn_run-03_sm-6 
missing: /data/projects/r21-cardgame/derivatives/fsl/sub-220/L1_task-cardgame_model-01_type-nppi-ecn_run-01_sm-6 
missing: /data/projects/r21-cardgame/derivatives/fsl/sub-220/L1_task-cardgame_model-01_type-nppi-ecn_run-02_sm-6 
missing: /data/projects/r21-cardgame/derivatives/fsl/sub-220/L1_task-cardgame_model-01_type-nppi-ecn_run-03_sm-6 
missing: /data/projects/r21-cardgame/derivatives/fsl/sub-221/L1_task-cardgame_model-01_type-nppi-ecn_run-01_sm-6 
missing: /data/projects/r21-cardgame/derivatives/fsl/sub-221/L1_task-cardgame_model-01_type-nppi-ecn_run-02_sm-6 
missing: /data/projects/r21-cardgame/derivatives/fsl/sub-221/L1_task-cardgame_model-01_type-nppi-ecn_run-03_sm-6 
missing: /data/projects/r21-cardgame/derivatives/fsl/sub-222/L1_task-cardgame_model-01_type-nppi-ecn_run-01_sm-6 
missing: /data/projects/r21-cardgame/derivatives/fsl/sub-222/L1_task-cardgame_model-01_type-nppi-ecn_run-02_sm-6 
missing: /data/projects/r21-cardgame/derivatives/fsl/confounds/sub-222/sub-222_task-cardgame_run-3_desc-fslConfounds.tsv 
missing: /data/projects/r21-cardgame/derivatives/fsl/sub-225/L1_task-cardgame_model-01_type-nppi-ecn_run-01_sm-6 
missing: /data/projects/r21-cardgame/derivatives/fsl/confounds/sub-225/sub-225_task-cardgame_run-2_desc-fslConfounds.tsv 
missing: /data/projects/r21-cardgame/derivatives/fsl/confounds/sub-225/sub-225_task-cardgame_run-3_desc-fslConfounds.tsv 
missing: /data/projects/r21-cardgame/derivatives/fsl/confounds/sub-227/sub-227_task-cardgame_run-1_desc-fslConfounds.tsv 
missing: /data/projects/r21-cardgame/derivatives/fsl/sub-227/L1_task-cardgame_model-01_type-nppi-ecn_run-02_sm-6 
missing: /data/projects/r21-cardgame/derivatives/fsl/sub-227/L1_task-cardgame_model-01_type-nppi-ecn_run-03_sm-6 
missing: /data/projects/r21-cardgame/derivatives/fsl/sub-228/L1_task-cardgame_model-01_type-nppi-ecn_run-01_sm-6 
missing: /data/projects/r21-cardgame/derivatives/fsl/sub-228/L1_task-cardgame_model-01_type-nppi-ecn_run-02_sm-6 
missing: /data/projects/r21-cardgame/derivatives/fsl/sub-228/L1_task-cardgame_model-01_type-nppi-ecn_run-03_sm-6 
missing: /data/projects/r21-cardgame/derivatives/fsl/confounds/sub-230/sub-230_task-cardgame_run-1_desc-fslConfounds.tsv 
missing: /data/projects/r21-cardgame/derivatives/fsl/confounds/sub-230/sub-230_task-cardgame_run-2_desc-fslConfounds.tsv 
missing: /data/projects/r21-cardgame/derivatives/fsl/confounds/sub-230/sub-230_task-cardgame_run-3_desc-fslConfounds.tsv 
missing: /data/projects/r21-cardgame/derivatives/fsl/sub-231/L1_task-cardgame_model-01_type-nppi-ecn_run-01_sm-6 
missing: /data/projects/r21-cardgame/derivatives/fsl/confounds/sub-231/sub-231_task-cardgame_run-2_desc-fslConfounds.tsv 
missing: /data/projects/r21-cardgame/derivatives/fsl/sub-231/L1_task-cardgame_model-01_type-nppi-ecn_run-03_sm-6 
missing: /data/projects/r21-cardgame/derivatives/fsl/sub-232/L1_task-cardgame_model-01_type-nppi-ecn_run-01_sm-6 
missing: /data/projects/r21-cardgame/derivatives/fsl/sub-232/L1_task-cardgame_model-01_type-nppi-ecn_run-02_sm-6 
missing: /data/projects/r21-cardgame/derivatives/fsl/confounds/sub-232/sub-232_task-cardgame_run-3_desc-fslConfounds.tsv 
missing: /data/projects/r21-cardgame/derivatives/fsl/confounds/sub-232/sub-232_task-cardgame_run-4_desc-fslConfounds.tsv 
missing: /data/projects/r21-cardgame/derivatives/fsl/sub-232/L1_task-cardgame_model-01_type-nppi-ecn_run-05_sm-6 
missing: /data/projects/r21-cardgame/derivatives/fsl/confounds/sub-234/sub-234_task-cardgame_run-1_desc-fslConfounds.tsv 
missing: /data/projects/r21-cardgame/derivatives/fsl/sub-234/L1_task-cardgame_model-01_type-nppi-ecn_run-02_sm-6 
missing: /data/projects/r21-cardgame/derivatives/fsl/sub-234/L1_task-cardgame_model-01_type-nppi-ecn_run-03_sm-6 
missing: /data/projects/r21-cardgame/derivatives/fsl/confounds/sub-226/sub-226_task-cardgame_run-1_desc-fslConfounds.tsv 
missing: /data/projects/r21-cardgame/derivatives/fsl/confounds/sub-226/sub-226_task-cardgame_run-2_desc-fslConfounds.tsv 
missing: /data/projects/r21-cardgame/derivatives/fsl/confounds/sub-226/sub-226_task-cardgame_run-3_desc-fslConfounds.tsv 
missing: /data/projects/r21-cardgame/derivatives/fsl/confounds/sub-233/sub-233_task-cardgame_run-1_desc-fslConfounds.tsv 
missing: /data/projects/r21-cardgame/derivatives/fsl/confounds/sub-233/sub-233_task-cardgame_run-2_desc-fslConfounds.tsv 
missing: /data/projects/r21-cardgame/derivatives/fsl/confounds/sub-235/sub-235_task-cardgame_run-1_desc-fslConfounds.tsv 
missing: /data/projects/r21-cardgame/derivatives/fsl/confounds/sub-235/sub-235_task-cardgame_run-2_desc-fslConfounds.tsv 
missing: /data/projects/r21-cardgame/derivatives/fsl/confounds/sub-235/sub-235_task-cardgame_run-3_desc-fslConfounds.tsv 
missing: /data/projects/r21-cardgame/derivatives/fsl/confounds/sub-236/sub-236_task-cardgame_run-1_desc-fslConfounds.tsv 
missing: /data/projects/r21-cardgame/derivatives/fsl/confounds/sub-236/sub-236_task-cardgame_run-2_desc-fslConfounds.tsv 
missing: /data/projects/r21-cardgame/derivatives/fsl/confounds/sub-236/sub-236_task-cardgame_run-3_desc-fslConfounds.tsv 
missing: /data/projects/r21-cardgame/derivatives/fsl/confounds/sub-237/sub-237_task-cardgame_run-1_desc-fslConfounds.tsv 
missing: /data/projects/r21-cardgame/derivatives/fsl/confounds/sub-237/sub-237_task-cardgame_run-2_desc-fslConfounds.tsv 
missing: /data/projects/r21-cardgame/derivatives/fsl/confounds/sub-237/sub-237_task-cardgame_run-3_desc-fslConfounds.tsv 
missing: /data/projects/r21-cardgame/derivatives/fsl/confounds/sub-238/sub-238_task-cardgame_run-1_desc-fslConfounds.tsv 
missing: /data/projects/r21-cardgame/derivatives/fsl/confounds/sub-238/sub-238_task-cardgame_run-2_desc-fslConfounds.tsv 
missing: /data/projects/r21-cardgame/derivatives/fsl/confounds/sub-238/sub-238_task-cardgame_run-3_desc-fslConfounds.tsv 
missing: /data/projects/r21-cardgame/derivatives/fsl/confounds/sub-189/sub-189_task-cardgame_run-2_desc-fslConfounds.tsv 
missing: /data/projects/r21-cardgame/derivatives/fsl/confounds/sub-189/sub-189_task-cardgame_run-3_desc-fslConfounds.tsv 
missing: /data/projects/r21-cardgame/derivatives/fsl/sub-203/L1_task-cardgame_model-01_type-nppi-dmn_run-01_sm-6 
missing: /data/projects/r21-cardgame/derivatives/fsl/confounds/sub-203/sub-203_task-cardgame_run-2_desc-fslConfounds.tsv 
missing: /data/projects/r21-cardgame/derivatives/fsl/confounds/sub-203/sub-203_task-cardgame_run-3_desc-fslConfounds.tsv 
missing: /data/projects/r21-cardgame/derivatives/fsl/sub-207/L1_task-cardgame_model-01_type-nppi-dmn_run-01_sm-6 
missing: /data/projects/r21-cardgame/derivatives/fsl/confounds/sub-207/sub-207_task-cardgame_run-2_desc-fslConfounds.tsv 
missing: /data/projects/r21-cardgame/derivatives/fsl/sub-208/L1_task-cardgame_model-01_type-nppi-dmn_run-01_sm-6 
missing: /data/projects/r21-cardgame/derivatives/fsl/confounds/sub-208/sub-208_task-cardgame_run-2_desc-fslConfounds.tsv 
missing: /data/projects/r21-cardgame/derivatives/fsl/confounds/sub-208/sub-208_task-cardgame_run-3_desc-fslConfounds.tsv 
missing: /data/projects/r21-cardgame/derivatives/fsl/confounds/sub-209/sub-209_task-cardgame_run-1_desc-fslConfounds.tsv 
missing: /data/projects/r21-cardgame/derivatives/fsl/confounds/sub-209/sub-209_task-cardgame_run-2_desc-fslConfounds.tsv 
missing: /data/projects/r21-cardgame/derivatives/fsl/confounds/sub-209/sub-209_task-cardgame_run-3_desc-fslConfounds.tsv 
missing: /data/projects/r21-cardgame/derivatives/fsl/confounds/sub-210/sub-210_task-cardgame_run-1_desc-fslConfounds.tsv 
missing: /data/projects/r21-cardgame/derivatives/fsl/confounds/sub-210/sub-210_task-cardgame_run-2_desc-fslConfounds.tsv 
missing: /data/projects/r21-cardgame/derivatives/fsl/confounds/sub-210/sub-210_task-cardgame_run-3_desc-fslConfounds.tsv 
missing: /data/projects/r21-cardgame/derivatives/fsl/confounds/sub-211/sub-211_task-cardgame_run-1_desc-fslConfounds.tsv 
missing: /data/projects/r21-cardgame/derivatives/fsl/confounds/sub-211/sub-211_task-cardgame_run-2_desc-fslConfounds.tsv 
missing: /data/projects/r21-cardgame/derivatives/fsl/confounds/sub-211/sub-211_task-cardgame_run-3_desc-fslConfounds.tsv 
missing: /data/projects/r21-cardgame/derivatives/fsl/confounds/sub-212/sub-212_task-cardgame_run-1_desc-fslConfounds.tsv 
missing: /data/projects/r21-cardgame/derivatives/fsl/confounds/sub-212/sub-212_task-cardgame_run-2_desc-fslConfounds.tsv 
missing: /data/projects/r21-cardgame/derivatives/fsl/sub-213/L1_task-cardgame_model-01_type-nppi-dmn_run-01_sm-6 
missing: /data/projects/r21-cardgame/derivatives/fsl/sub-213/L1_task-cardgame_model-01_type-nppi-dmn_run-02_sm-6 
missing: /data/projects/r21-cardgame/derivatives/fsl/sub-214/L1_task-cardgame_model-01_type-nppi-dmn_run-01_sm-6 
missing: /data/projects/r21-cardgame/derivatives/fsl/sub-214/L1_task-cardgame_model-01_type-nppi-dmn_run-02_sm-6 
missing: /data/projects/r21-cardgame/derivatives/fsl/sub-214/L1_task-cardgame_model-01_type-nppi-dmn_run-03_sm-6 
missing: /data/projects/r21-cardgame/derivatives/fsl/sub-215/L1_task-cardgame_model-01_type-nppi-dmn_run-01_sm-6 
missing: /data/projects/r21-cardgame/derivatives/fsl/sub-215/L1_task-cardgame_model-01_type-nppi-dmn_run-02_sm-6 
missing: /data/projects/r21-cardgame/derivatives/fsl/sub-215/L1_task-cardgame_model-01_type-nppi-dmn_run-03_sm-6 
missing: /data/projects/r21-cardgame/derivatives/fsl/sub-216/L1_task-cardgame_model-01_type-nppi-dmn_run-01_sm-6 
missing: /data/projects/r21-cardgame/derivatives/fsl/sub-216/L1_task-cardgame_model-01_type-nppi-dmn_run-02_sm-6 
missing: /data/projects/r21-cardgame/derivatives/fsl/sub-217/L1_task-cardgame_model-01_type-nppi-dmn_run-01_sm-6 
missing: /data/projects/r21-cardgame/derivatives/fsl/sub-217/L1_task-cardgame_model-01_type-nppi-dmn_run-02_sm-6 
missing: /data/projects/r21-cardgame/derivatives/fsl/sub-217/L1_task-cardgame_model-01_type-nppi-dmn_run-03_sm-6 
missing: /data/projects/r21-cardgame/derivatives/fsl/sub-218/L1_task-cardgame_model-01_type-nppi-dmn_run-01_sm-6 
missing: /data/projects/r21-cardgame/derivatives/fsl/sub-218/L1_task-cardgame_model-01_type-nppi-dmn_run-02_sm-6 
missing: /data/projects/r21-cardgame/derivatives/fsl/sub-218/L1_task-cardgame_model-01_type-nppi-dmn_run-03_sm-6 
missing: /data/projects/r21-cardgame/derivatives/fsl/sub-219/L1_task-cardgame_model-01_type-nppi-dmn_run-01_sm-6 
missing: /data/projects/r21-cardgame/derivatives/fsl/sub-219/L1_task-cardgame_model-01_type-nppi-dmn_run-02_sm-6 
missing: /data/projects/r21-cardgame/derivatives/fsl/sub-219/L1_task-cardgame_model-01_type-nppi-dmn_run-03_sm-6 
missing: /data/projects/r21-cardgame/derivatives/fsl/sub-220/L1_task-cardgame_model-01_type-nppi-dmn_run-01_sm-6 
missing: /data/projects/r21-cardgame/derivatives/fsl/sub-220/L1_task-cardgame_model-01_type-nppi-dmn_run-02_sm-6 
missing: /data/projects/r21-cardgame/derivatives/fsl/sub-220/L1_task-cardgame_model-01_type-nppi-dmn_run-03_sm-6 
missing: /data/projects/r21-cardgame/derivatives/fsl/sub-221/L1_task-cardgame_model-01_type-nppi-dmn_run-01_sm-6 
missing: /data/projects/r21-cardgame/derivatives/fsl/sub-221/L1_task-cardgame_model-01_type-nppi-dmn_run-02_sm-6 
missing: /data/projects/r21-cardgame/derivatives/fsl/sub-221/L1_task-cardgame_model-01_type-nppi-dmn_run-03_sm-6 
missing: /data/projects/r21-cardgame/derivatives/fsl/sub-222/L1_task-cardgame_model-01_type-nppi-dmn_run-01_sm-6 
missing: /data/projects/r21-cardgame/derivatives/fsl/sub-222/L1_task-cardgame_model-01_type-nppi-dmn_run-02_sm-6 
missing: /data/projects/r21-cardgame/derivatives/fsl/confounds/sub-222/sub-222_task-cardgame_run-3_desc-fslConfounds.tsv 
missing: /data/projects/r21-cardgame/derivatives/fsl/sub-225/L1_task-cardgame_model-01_type-nppi-dmn_run-01_sm-6 
missing: /data/projects/r21-cardgame/derivatives/fsl/confounds/sub-225/sub-225_task-cardgame_run-2_desc-fslConfounds.tsv 
missing: /data/projects/r21-cardgame/derivatives/fsl/confounds/sub-225/sub-225_task-cardgame_run-3_desc-fslConfounds.tsv 
missing: /data/projects/r21-cardgame/derivatives/fsl/confounds/sub-227/sub-227_task-cardgame_run-1_desc-fslConfounds.tsv 
missing: /data/projects/r21-cardgame/derivatives/fsl/sub-227/L1_task-cardgame_model-01_type-nppi-dmn_run-02_sm-6 
missing: /data/projects/r21-cardgame/derivatives/fsl/sub-227/L1_task-cardgame_model-01_type-nppi-dmn_run-03_sm-6 
missing: /data/projects/r21-cardgame/derivatives/fsl/sub-228/L1_task-cardgame_model-01_type-nppi-dmn_run-01_sm-6 
missing: /data/projects/r21-cardgame/derivatives/fsl/sub-228/L1_task-cardgame_model-01_type-nppi-dmn_run-02_sm-6 
missing: /data/projects/r21-cardgame/derivatives/fsl/sub-228/L1_task-cardgame_model-01_type-nppi-dmn_run-03_sm-6 
missing: /data/projects/r21-cardgame/derivatives/fsl/confounds/sub-230/sub-230_task-cardgame_run-1_desc-fslConfounds.tsv 
missing: /data/projects/r21-cardgame/derivatives/fsl/confounds/sub-230/sub-230_task-cardgame_run-2_desc-fslConfounds.tsv 
missing: /data/projects/r21-cardgame/derivatives/fsl/confounds/sub-230/sub-230_task-cardgame_run-3_desc-fslConfounds.tsv 
missing: /data/projects/r21-cardgame/derivatives/fsl/sub-231/L1_task-cardgame_model-01_type-nppi-dmn_run-01_sm-6 
missing: /data/projects/r21-cardgame/derivatives/fsl/confounds/sub-231/sub-231_task-cardgame_run-2_desc-fslConfounds.tsv 
missing: /data/projects/r21-cardgame/derivatives/fsl/sub-231/L1_task-cardgame_model-01_type-nppi-dmn_run-03_sm-6 
missing: /data/projects/r21-cardgame/derivatives/fsl/sub-232/L1_task-cardgame_model-01_type-nppi-dmn_run-01_sm-6 
missing: /data/projects/r21-cardgame/derivatives/fsl/sub-232/L1_task-cardgame_model-01_type-nppi-dmn_run-02_sm-6 
missing: /data/projects/r21-cardgame/derivatives/fsl/confounds/sub-232/sub-232_task-cardgame_run-3_desc-fslConfounds.tsv 
missing: /data/projects/r21-cardgame/derivatives/fsl/confounds/sub-232/sub-232_task-cardgame_run-4_desc-fslConfounds.tsv 
missing: /data/projects/r21-cardgame/derivatives/fsl/sub-232/L1_task-cardgame_model-01_type-nppi-dmn_run-05_sm-6 
missing: /data/projects/r21-cardgame/derivatives/fsl/confounds/sub-234/sub-234_task-cardgame_run-1_desc-fslConfounds.tsv 
missing: /data/projects/r21-cardgame/derivatives/fsl/sub-234/L1_task-cardgame_model-01_type-nppi-dmn_run-02_sm-6 
missing: /data/projects/r21-cardgame/derivatives/fsl/sub-234/L1_task-cardgame_model-01_type-nppi-dmn_run-03_sm-6 
missing: /data/projects/r21-cardgame/derivatives/fsl/confounds/sub-226/sub-226_task-cardgame_run-1_desc-fslConfounds.tsv 
missing: /data/projects/r21-cardgame/derivatives/fsl/confounds/sub-226/sub-226_task-cardgame_run-2_desc-fslConfounds.tsv 
missing: /data/projects/r21-cardgame/derivatives/fsl/confounds/sub-226/sub-226_task-cardgame_run-3_desc-fslConfounds.tsv 
missing: /data/projects/r21-cardgame/derivatives/fsl/confounds/sub-233/sub-233_task-cardgame_run-1_desc-fslConfounds.tsv 
missing: /data/projects/r21-cardgame/derivatives/fsl/confounds/sub-233/sub-233_task-cardgame_run-2_desc-fslConfounds.tsv 
missing: /data/projects/r21-cardgame/derivatives/fsl/confounds/sub-235/sub-235_task-cardgame_run-1_desc-fslConfounds.tsv 
missing: /data/projects/r21-cardgame/derivatives/fsl/confounds/sub-235/sub-235_task-cardgame_run-2_desc-fslConfounds.tsv 
missing: /data/projects/r21-cardgame/derivatives/fsl/confounds/sub-235/sub-235_task-cardgame_run-3_desc-fslConfounds.tsv 
missing: /data/projects/r21-cardgame/derivatives/fsl/confounds/sub-236/sub-236_task-cardgame_run-1_desc-fslConfounds.tsv 
missing: /data/projects/r21-cardgame/derivatives/fsl/confounds/sub-236/sub-236_task-cardgame_run-2_desc-fslConfounds.tsv 
missing: /data/projects/r21-cardgame/derivatives/fsl/confounds/sub-236/sub-236_task-cardgame_run-3_desc-fslConfounds.tsv 
missing: /data/projects/r21-cardgame/derivatives/fsl/confounds/sub-237/sub-237_task-cardgame_run-1_desc-fslConfounds.tsv 
missing: /data/projects/r21-cardgame/derivatives/fsl/confounds/sub-237/sub-237_task-cardgame_run-2_desc-fslConfounds.tsv 
missing: /data/projects/r21-cardgame/derivatives/fsl/confounds/sub-237/sub-237_task-cardgame_run-3_desc-fslConfounds.tsv 
missing: /data/projects/r21-cardgame/derivatives/fsl/confounds/sub-238/sub-238_task-cardgame_run-1_desc-fslConfounds.tsv 
missing: /data/projects/r21-cardgame/derivatives/fsl/confounds/sub-238/sub-238_task-cardgame_run-2_desc-fslConfounds.tsv 
missing: /data/projects/r21-cardgame/derivatives/fsl/confounds/sub-238/sub-238_task-cardgame_run-3_desc-fslConfounds.tsv 
