running: /data/projects/r21-cardgame/derivatives/fsl/L3_model-01_task-cardgame_n28_FLAME1+2/L3_task-cardgame_type-ppi_seed-striatum_cnum-01_cname-R_vlpfc_onegroup
running: /data/projects/r21-cardgame/derivatives/fsl/L3_model-01_task-cardgame_n28_FLAME1+2/L3_task-cardgame_type-ppi_seed-striatum_cnum-02_cname-R_tpj_onegroup
running: /data/projects/r21-cardgame/derivatives/fsl/L3_model-01_task-cardgame_n28_FLAME1+2/L3_task-cardgame_type-ppi_seed-striatum_cnum-03_cname-P_vlpfc_onegroup
running: /data/projects/r21-cardgame/derivatives/fsl/L3_model-01_task-cardgame_n28_FLAME1+2/L3_task-cardgame_type-ppi_seed-striatum_cnum-04_cname-P_tpj_onegroup
running: /data/projects/r21-cardgame/derivatives/fsl/L3_model-01_task-cardgame_n28_FLAME1+2/L3_task-cardgame_type-ppi_seed-striatum_cnum-05_cname-R-P_onegroup
running: /data/projects/r21-cardgame/derivatives/fsl/L3_model-01_task-cardgame_n28_FLAME1+2/L3_task-cardgame_type-ppi_seed-striatum_cnum-06_cname-vlpfc-tpj_onegroup
running: /data/projects/r21-cardgame/derivatives/fsl/L3_model-01_task-cardgame_n28_FLAME1+2/L3_task-cardgame_type-ppi_seed-striatum_cnum-07_cname-R_vlpfc-tpj_onegroup
running: /data/projects/r21-cardgame/derivatives/fsl/L3_model-01_task-cardgame_n28_FLAME1+2/L3_task-cardgame_type-ppi_seed-striatum_cnum-08_cname-P_vlpfc-tpj_onegroup
running: /data/projects/r21-cardgame/derivatives/fsl/L3_model-01_task-cardgame_n28_FLAME1+2/L3_task-cardgame_type-ppi_seed-striatum_cnum-09_cname-interaction_onegroup
running: /data/projects/r21-cardgame/derivatives/fsl/L3_model-01_task-cardgame_n28_FLAME1+2/L3_task-cardgame_type-ppi_seed-striatum_cnum-10_cname-phys_onegroup
running: /data/projects/r21-cardgame/derivatives/fsl/L3_model-01_task-cardgame_n28_FLAME1+2/L3_task-cardgame_type-ppi_seed-striatum_cnum-11_cname-ppi_R_vlpfc_onegroup
running: /data/projects/r21-cardgame/derivatives/fsl/L3_model-01_task-cardgame_n28_FLAME1+2/L3_task-cardgame_type-ppi_seed-striatum_cnum-12_cname-ppi_R_tpj_onegroup
running: /data/projects/r21-cardgame/derivatives/fsl/L3_model-01_task-cardgame_n28_FLAME1+2/L3_task-cardgame_type-ppi_seed-striatum_cnum-13_cname-ppi_P_vlpfc_onegroup
running: /data/projects/r21-cardgame/derivatives/fsl/L3_model-01_task-cardgame_n28_FLAME1+2/L3_task-cardgame_type-ppi_seed-striatum_cnum-14_cname-ppi_P_tpj_onegroup
running: /data/projects/r21-cardgame/derivatives/fsl/L3_model-01_task-cardgame_n28_FLAME1+2/L3_task-cardgame_type-ppi_seed-striatum_cnum-15_cname-ppi_R-P_onegroup
running: /data/projects/r21-cardgame/derivatives/fsl/L3_model-01_task-cardgame_n28_FLAME1+2/L3_task-cardgame_type-ppi_seed-striatum_cnum-16_cname-ppi_vlpfc-tpj_onegroup
running: /data/projects/r21-cardgame/derivatives/fsl/L3_model-01_task-cardgame_n28_FLAME1+2/L3_task-cardgame_type-ppi_seed-striatum_cnum-17_cname-ppi_R_vlpfc-tpj_onegroup
running: /data/projects/r21-cardgame/derivatives/fsl/L3_model-01_task-cardgame_n28_FLAME1+2/L3_task-cardgame_type-ppi_seed-striatum_cnum-18_cname-ppi_P_vlpfc-tpj_onegroup
running: /data/projects/r21-cardgame/derivatives/fsl/L3_model-01_task-cardgame_n28_FLAME1+2/L3_task-cardgame_type-ppi_seed-striatum_cnum-19_cname-ppi_interaction_onegroup
running: /data/projects/r21-cardgame/derivatives/fsl/L3_model-01_task-cardgame_n28_FLAME1+2/L3_task-cardgame_type-ppi_seed-FPole_cnum-01_cname-R_vlpfc_onegroup
running: /data/projects/r21-cardgame/derivatives/fsl/L3_model-01_task-cardgame_n28_FLAME1+2/L3_task-cardgame_type-ppi_seed-FPole_cnum-02_cname-R_tpj_onegroup
running: /data/projects/r21-cardgame/derivatives/fsl/L3_model-01_task-cardgame_n28_FLAME1+2/L3_task-cardgame_type-ppi_seed-FPole_cnum-03_cname-P_vlpfc_onegroup
running: /data/projects/r21-cardgame/derivatives/fsl/L3_model-01_task-cardgame_n28_FLAME1+2/L3_task-cardgame_type-ppi_seed-FPole_cnum-04_cname-P_tpj_onegroup
running: /data/projects/r21-cardgame/derivatives/fsl/L3_model-01_task-cardgame_n28_FLAME1+2/L3_task-cardgame_type-ppi_seed-FPole_cnum-05_cname-R-P_onegroup
running: /data/projects/r21-cardgame/derivatives/fsl/L3_model-01_task-cardgame_n28_FLAME1+2/L3_task-cardgame_type-ppi_seed-FPole_cnum-06_cname-vlpfc-tpj_onegroup
running: /data/projects/r21-cardgame/derivatives/fsl/L3_model-01_task-cardgame_n28_FLAME1+2/L3_task-cardgame_type-ppi_seed-FPole_cnum-07_cname-R_vlpfc-tpj_onegroup
running: /data/projects/r21-cardgame/derivatives/fsl/L3_model-01_task-cardgame_n28_FLAME1+2/L3_task-cardgame_type-ppi_seed-FPole_cnum-08_cname-P_vlpfc-tpj_onegroup
running: /data/projects/r21-cardgame/derivatives/fsl/L3_model-01_task-cardgame_n28_FLAME1+2/L3_task-cardgame_type-ppi_seed-FPole_cnum-09_cname-interaction_onegroup
running: /data/projects/r21-cardgame/derivatives/fsl/L3_model-01_task-cardgame_n28_FLAME1+2/L3_task-cardgame_type-ppi_seed-FPole_cnum-10_cname-phys_onegroup
running: /data/projects/r21-cardgame/derivatives/fsl/L3_model-01_task-cardgame_n28_FLAME1+2/L3_task-cardgame_type-ppi_seed-FPole_cnum-11_cname-ppi_R_vlpfc_onegroup
running: /data/projects/r21-cardgame/derivatives/fsl/L3_model-01_task-cardgame_n28_FLAME1+2/L3_task-cardgame_type-ppi_seed-FPole_cnum-12_cname-ppi_R_tpj_onegroup
running: /data/projects/r21-cardgame/derivatives/fsl/L3_model-01_task-cardgame_n28_FLAME1+2/L3_task-cardgame_type-ppi_seed-FPole_cnum-13_cname-ppi_P_vlpfc_onegroup
running: /data/projects/r21-cardgame/derivatives/fsl/L3_model-01_task-cardgame_n28_FLAME1+2/L3_task-cardgame_type-ppi_seed-FPole_cnum-14_cname-ppi_P_tpj_onegroup
running: /data/projects/r21-cardgame/derivatives/fsl/L3_model-01_task-cardgame_n28_FLAME1+2/L3_task-cardgame_type-ppi_seed-FPole_cnum-15_cname-ppi_R-P_onegroup
running: /data/projects/r21-cardgame/derivatives/fsl/L3_model-01_task-cardgame_n28_FLAME1+2/L3_task-cardgame_type-ppi_seed-FPole_cnum-16_cname-ppi_vlpfc-tpj_onegroup
running: /data/projects/r21-cardgame/derivatives/fsl/L3_model-01_task-cardgame_n28_FLAME1+2/L3_task-cardgame_type-ppi_seed-FPole_cnum-17_cname-ppi_R_vlpfc-tpj_onegroup
running: /data/projects/r21-cardgame/derivatives/fsl/L3_model-01_task-cardgame_n28_FLAME1+2/L3_task-cardgame_type-ppi_seed-FPole_cnum-18_cname-ppi_P_vlpfc-tpj_onegroup
running: /data/projects/r21-cardgame/derivatives/fsl/L3_model-01_task-cardgame_n28_FLAME1+2/L3_task-cardgame_type-ppi_seed-FPole_cnum-19_cname-ppi_interaction_onegroup
running: /data/projects/r21-cardgame/derivatives/fsl/L3_model-01_task-cardgame_n28_FLAME1+2/L3_task-cardgame_type-ppi_seed-interactionC1_cnum-01_cname-R_vlpfc_onegroup
running: /data/projects/r21-cardgame/derivatives/fsl/L3_model-01_task-cardgame_n28_FLAME1+2/L3_task-cardgame_type-ppi_seed-interactionC1_cnum-02_cname-R_tpj_onegroup
running: /data/projects/r21-cardgame/derivatives/fsl/L3_model-01_task-cardgame_n28_FLAME1+2/L3_task-cardgame_type-ppi_seed-interactionC1_cnum-03_cname-P_vlpfc_onegroup
running: /data/projects/r21-cardgame/derivatives/fsl/L3_model-01_task-cardgame_n28_FLAME1+2/L3_task-cardgame_type-ppi_seed-interactionC1_cnum-04_cname-P_tpj_onegroup
running: /data/projects/r21-cardgame/derivatives/fsl/L3_model-01_task-cardgame_n28_FLAME1+2/L3_task-cardgame_type-ppi_seed-interactionC1_cnum-05_cname-R-P_onegroup
running: /data/projects/r21-cardgame/derivatives/fsl/L3_model-01_task-cardgame_n28_FLAME1+2/L3_task-cardgame_type-ppi_seed-interactionC1_cnum-06_cname-vlpfc-tpj_onegroup
running: /data/projects/r21-cardgame/derivatives/fsl/L3_model-01_task-cardgame_n28_FLAME1+2/L3_task-cardgame_type-ppi_seed-interactionC1_cnum-07_cname-R_vlpfc-tpj_onegroup
running: /data/projects/r21-cardgame/derivatives/fsl/L3_model-01_task-cardgame_n28_FLAME1+2/L3_task-cardgame_type-ppi_seed-interactionC1_cnum-08_cname-P_vlpfc-tpj_onegroup
running: /data/projects/r21-cardgame/derivatives/fsl/L3_model-01_task-cardgame_n28_FLAME1+2/L3_task-cardgame_type-ppi_seed-interactionC1_cnum-09_cname-interaction_onegroup
running: /data/projects/r21-cardgame/derivatives/fsl/L3_model-01_task-cardgame_n28_FLAME1+2/L3_task-cardgame_type-ppi_seed-interactionC1_cnum-10_cname-phys_onegroup
running: /data/projects/r21-cardgame/derivatives/fsl/L3_model-01_task-cardgame_n28_FLAME1+2/L3_task-cardgame_type-ppi_seed-interactionC1_cnum-11_cname-ppi_R_vlpfc_onegroup
running: /data/projects/r21-cardgame/derivatives/fsl/L3_model-01_task-cardgame_n28_FLAME1+2/L3_task-cardgame_type-ppi_seed-interactionC1_cnum-12_cname-ppi_R_tpj_onegroup
running: /data/projects/r21-cardgame/derivatives/fsl/L3_model-01_task-cardgame_n28_FLAME1+2/L3_task-cardgame_type-ppi_seed-interactionC1_cnum-13_cname-ppi_P_vlpfc_onegroup
running: /data/projects/r21-cardgame/derivatives/fsl/L3_model-01_task-cardgame_n28_FLAME1+2/L3_task-cardgame_type-ppi_seed-interactionC1_cnum-14_cname-ppi_P_tpj_onegroup
running: /data/projects/r21-cardgame/derivatives/fsl/L3_model-01_task-cardgame_n28_FLAME1+2/L3_task-cardgame_type-ppi_seed-interactionC1_cnum-15_cname-ppi_R-P_onegroup
running: /data/projects/r21-cardgame/derivatives/fsl/L3_model-01_task-cardgame_n28_FLAME1+2/L3_task-cardgame_type-ppi_seed-interactionC1_cnum-16_cname-ppi_vlpfc-tpj_onegroup
running: /data/projects/r21-cardgame/derivatives/fsl/L3_model-01_task-cardgame_n28_FLAME1+2/L3_task-cardgame_type-ppi_seed-interactionC1_cnum-17_cname-ppi_R_vlpfc-tpj_onegroup
running: /data/projects/r21-cardgame/derivatives/fsl/L3_model-01_task-cardgame_n28_FLAME1+2/L3_task-cardgame_type-ppi_seed-interactionC1_cnum-18_cname-ppi_P_vlpfc-tpj_onegroup
running: /data/projects/r21-cardgame/derivatives/fsl/L3_model-01_task-cardgame_n28_FLAME1+2/L3_task-cardgame_type-ppi_seed-interactionC1_cnum-19_cname-ppi_interaction_onegroup
running: /data/projects/r21-cardgame/derivatives/fsl/L3_model-01_task-cardgame_n28_FLAME1+2/L3_task-cardgame_type-ppi_seed-interactionC2_cnum-01_cname-R_vlpfc_onegroup
running: /data/projects/r21-cardgame/derivatives/fsl/L3_model-01_task-cardgame_n28_FLAME1+2/L3_task-cardgame_type-ppi_seed-interactionC2_cnum-02_cname-R_tpj_onegroup
running: /data/projects/r21-cardgame/derivatives/fsl/L3_model-01_task-cardgame_n28_FLAME1+2/L3_task-cardgame_type-ppi_seed-interactionC2_cnum-03_cname-P_vlpfc_onegroup
running: /data/projects/r21-cardgame/derivatives/fsl/L3_model-01_task-cardgame_n28_FLAME1+2/L3_task-cardgame_type-ppi_seed-interactionC2_cnum-04_cname-P_tpj_onegroup
running: /data/projects/r21-cardgame/derivatives/fsl/L3_model-01_task-cardgame_n28_FLAME1+2/L3_task-cardgame_type-ppi_seed-interactionC2_cnum-05_cname-R-P_onegroup
running: /data/projects/r21-cardgame/derivatives/fsl/L3_model-01_task-cardgame_n28_FLAME1+2/L3_task-cardgame_type-ppi_seed-interactionC2_cnum-06_cname-vlpfc-tpj_onegroup
running: /data/projects/r21-cardgame/derivatives/fsl/L3_model-01_task-cardgame_n28_FLAME1+2/L3_task-cardgame_type-ppi_seed-interactionC2_cnum-07_cname-R_vlpfc-tpj_onegroup
running: /data/projects/r21-cardgame/derivatives/fsl/L3_model-01_task-cardgame_n28_FLAME1+2/L3_task-cardgame_type-ppi_seed-interactionC2_cnum-08_cname-P_vlpfc-tpj_onegroup
running: /data/projects/r21-cardgame/derivatives/fsl/L3_model-01_task-cardgame_n28_FLAME1+2/L3_task-cardgame_type-ppi_seed-interactionC2_cnum-09_cname-interaction_onegroup
running: /data/projects/r21-cardgame/derivatives/fsl/L3_model-01_task-cardgame_n28_FLAME1+2/L3_task-cardgame_type-ppi_seed-interactionC2_cnum-10_cname-phys_onegroup
running: /data/projects/r21-cardgame/derivatives/fsl/L3_model-01_task-cardgame_n28_FLAME1+2/L3_task-cardgame_type-ppi_seed-interactionC2_cnum-11_cname-ppi_R_vlpfc_onegroup
running: /data/projects/r21-cardgame/derivatives/fsl/L3_model-01_task-cardgame_n28_FLAME1+2/L3_task-cardgame_type-ppi_seed-interactionC2_cnum-12_cname-ppi_R_tpj_onegroup
running: /data/projects/r21-cardgame/derivatives/fsl/L3_model-01_task-cardgame_n28_FLAME1+2/L3_task-cardgame_type-ppi_seed-interactionC2_cnum-13_cname-ppi_P_vlpfc_onegroup
running: /data/projects/r21-cardgame/derivatives/fsl/L3_model-01_task-cardgame_n28_FLAME1+2/L3_task-cardgame_type-ppi_seed-interactionC2_cnum-14_cname-ppi_P_tpj_onegroup
running: /data/projects/r21-cardgame/derivatives/fsl/L3_model-01_task-cardgame_n28_FLAME1+2/L3_task-cardgame_type-ppi_seed-interactionC2_cnum-15_cname-ppi_R-P_onegroup
running: /data/projects/r21-cardgame/derivatives/fsl/L3_model-01_task-cardgame_n28_FLAME1+2/L3_task-cardgame_type-ppi_seed-interactionC2_cnum-16_cname-ppi_vlpfc-tpj_onegroup
running: /data/projects/r21-cardgame/derivatives/fsl/L3_model-01_task-cardgame_n28_FLAME1+2/L3_task-cardgame_type-ppi_seed-interactionC2_cnum-17_cname-ppi_R_vlpfc-tpj_onegroup
running: /data/projects/r21-cardgame/derivatives/fsl/L3_model-01_task-cardgame_n28_FLAME1+2/L3_task-cardgame_type-ppi_seed-interactionC2_cnum-18_cname-ppi_P_vlpfc-tpj_onegroup
running: /data/projects/r21-cardgame/derivatives/fsl/L3_model-01_task-cardgame_n28_FLAME1+2/L3_task-cardgame_type-ppi_seed-interactionC2_cnum-19_cname-ppi_interaction_onegroup
running: /data/projects/r21-cardgame/derivatives/fsl/L3_model-01_task-cardgame_n28_FLAME1+2/L3_task-cardgame_type-ppi_seed-interactionC3_cnum-01_cname-R_vlpfc_onegroup
running: /data/projects/r21-cardgame/derivatives/fsl/L3_model-01_task-cardgame_n28_FLAME1+2/L3_task-cardgame_type-ppi_seed-interactionC3_cnum-02_cname-R_tpj_onegroup
running: /data/projects/r21-cardgame/derivatives/fsl/L3_model-01_task-cardgame_n28_FLAME1+2/L3_task-cardgame_type-ppi_seed-interactionC3_cnum-03_cname-P_vlpfc_onegroup
running: /data/projects/r21-cardgame/derivatives/fsl/L3_model-01_task-cardgame_n28_FLAME1+2/L3_task-cardgame_type-ppi_seed-interactionC3_cnum-04_cname-P_tpj_onegroup
running: /data/projects/r21-cardgame/derivatives/fsl/L3_model-01_task-cardgame_n28_FLAME1+2/L3_task-cardgame_type-ppi_seed-interactionC3_cnum-05_cname-R-P_onegroup
running: /data/projects/r21-cardgame/derivatives/fsl/L3_model-01_task-cardgame_n28_FLAME1+2/L3_task-cardgame_type-ppi_seed-interactionC3_cnum-06_cname-vlpfc-tpj_onegroup
running: /data/projects/r21-cardgame/derivatives/fsl/L3_model-01_task-cardgame_n28_FLAME1+2/L3_task-cardgame_type-ppi_seed-interactionC3_cnum-07_cname-R_vlpfc-tpj_onegroup
running: /data/projects/r21-cardgame/derivatives/fsl/L3_model-01_task-cardgame_n28_FLAME1+2/L3_task-cardgame_type-ppi_seed-interactionC3_cnum-08_cname-P_vlpfc-tpj_onegroup
running: /data/projects/r21-cardgame/derivatives/fsl/L3_model-01_task-cardgame_n28_FLAME1+2/L3_task-cardgame_type-ppi_seed-interactionC3_cnum-09_cname-interaction_onegroup
running: /data/projects/r21-cardgame/derivatives/fsl/L3_model-01_task-cardgame_n28_FLAME1+2/L3_task-cardgame_type-ppi_seed-interactionC3_cnum-10_cname-phys_onegroup
running: /data/projects/r21-cardgame/derivatives/fsl/L3_model-01_task-cardgame_n28_FLAME1+2/L3_task-cardgame_type-ppi_seed-interactionC3_cnum-11_cname-ppi_R_vlpfc_onegroup
running: /data/projects/r21-cardgame/derivatives/fsl/L3_model-01_task-cardgame_n28_FLAME1+2/L3_task-cardgame_type-ppi_seed-interactionC3_cnum-12_cname-ppi_R_tpj_onegroup
running: /data/projects/r21-cardgame/derivatives/fsl/L3_model-01_task-cardgame_n28_FLAME1+2/L3_task-cardgame_type-ppi_seed-interactionC3_cnum-13_cname-ppi_P_vlpfc_onegroup
running: /data/projects/r21-cardgame/derivatives/fsl/L3_model-01_task-cardgame_n28_FLAME1+2/L3_task-cardgame_type-ppi_seed-interactionC3_cnum-14_cname-ppi_P_tpj_onegroup
running: /data/projects/r21-cardgame/derivatives/fsl/L3_model-01_task-cardgame_n28_FLAME1+2/L3_task-cardgame_type-ppi_seed-interactionC3_cnum-15_cname-ppi_R-P_onegroup
running: /data/projects/r21-cardgame/derivatives/fsl/L3_model-01_task-cardgame_n28_FLAME1+2/L3_task-cardgame_type-ppi_seed-interactionC3_cnum-16_cname-ppi_vlpfc-tpj_onegroup
running: /data/projects/r21-cardgame/derivatives/fsl/L3_model-01_task-cardgame_n28_FLAME1+2/L3_task-cardgame_type-ppi_seed-interactionC3_cnum-17_cname-ppi_R_vlpfc-tpj_onegroup
running: /data/projects/r21-cardgame/derivatives/fsl/L3_model-01_task-cardgame_n28_FLAME1+2/L3_task-cardgame_type-ppi_seed-interactionC3_cnum-18_cname-ppi_P_vlpfc-tpj_onegroup
running: /data/projects/r21-cardgame/derivatives/fsl/L3_model-01_task-cardgame_n28_FLAME1+2/L3_task-cardgame_type-ppi_seed-interactionC3_cnum-19_cname-ppi_interaction_onegroup
running: /data/projects/r21-cardgame/derivatives/fsl/L3_model-01_task-cardgame_n28_FLAME1+2/L3_task-cardgame_type-ppi_seed-interactionC4_cnum-01_cname-R_vlpfc_onegroup
running: /data/projects/r21-cardgame/derivatives/fsl/L3_model-01_task-cardgame_n28_FLAME1+2/L3_task-cardgame_type-ppi_seed-interactionC4_cnum-02_cname-R_tpj_onegroup
running: /data/projects/r21-cardgame/derivatives/fsl/L3_model-01_task-cardgame_n28_FLAME1+2/L3_task-cardgame_type-ppi_seed-interactionC4_cnum-03_cname-P_vlpfc_onegroup
running: /data/projects/r21-cardgame/derivatives/fsl/L3_model-01_task-cardgame_n28_FLAME1+2/L3_task-cardgame_type-ppi_seed-interactionC4_cnum-04_cname-P_tpj_onegroup
running: /data/projects/r21-cardgame/derivatives/fsl/L3_model-01_task-cardgame_n28_FLAME1+2/L3_task-cardgame_type-ppi_seed-interactionC4_cnum-05_cname-R-P_onegroup
running: /data/projects/r21-cardgame/derivatives/fsl/L3_model-01_task-cardgame_n28_FLAME1+2/L3_task-cardgame_type-ppi_seed-interactionC4_cnum-06_cname-vlpfc-tpj_onegroup
running: /data/projects/r21-cardgame/derivatives/fsl/L3_model-01_task-cardgame_n28_FLAME1+2/L3_task-cardgame_type-ppi_seed-interactionC4_cnum-07_cname-R_vlpfc-tpj_onegroup
running: /data/projects/r21-cardgame/derivatives/fsl/L3_model-01_task-cardgame_n28_FLAME1+2/L3_task-cardgame_type-ppi_seed-interactionC4_cnum-08_cname-P_vlpfc-tpj_onegroup
running: /data/projects/r21-cardgame/derivatives/fsl/L3_model-01_task-cardgame_n28_FLAME1+2/L3_task-cardgame_type-ppi_seed-interactionC4_cnum-09_cname-interaction_onegroup
running: /data/projects/r21-cardgame/derivatives/fsl/L3_model-01_task-cardgame_n28_FLAME1+2/L3_task-cardgame_type-ppi_seed-interactionC4_cnum-10_cname-phys_onegroup
running: /data/projects/r21-cardgame/derivatives/fsl/L3_model-01_task-cardgame_n28_FLAME1+2/L3_task-cardgame_type-ppi_seed-interactionC4_cnum-11_cname-ppi_R_vlpfc_onegroup
running: /data/projects/r21-cardgame/derivatives/fsl/L3_model-01_task-cardgame_n28_FLAME1+2/L3_task-cardgame_type-ppi_seed-interactionC4_cnum-12_cname-ppi_R_tpj_onegroup
running: /data/projects/r21-cardgame/derivatives/fsl/L3_model-01_task-cardgame_n28_FLAME1+2/L3_task-cardgame_type-ppi_seed-interactionC4_cnum-13_cname-ppi_P_vlpfc_onegroup
running: /data/projects/r21-cardgame/derivatives/fsl/L3_model-01_task-cardgame_n28_FLAME1+2/L3_task-cardgame_type-ppi_seed-interactionC4_cnum-14_cname-ppi_P_tpj_onegroup
running: /data/projects/r21-cardgame/derivatives/fsl/L3_model-01_task-cardgame_n28_FLAME1+2/L3_task-cardgame_type-ppi_seed-interactionC4_cnum-15_cname-ppi_R-P_onegroup
running: /data/projects/r21-cardgame/derivatives/fsl/L3_model-01_task-cardgame_n28_FLAME1+2/L3_task-cardgame_type-ppi_seed-interactionC4_cnum-16_cname-ppi_vlpfc-tpj_onegroup
running: /data/projects/r21-cardgame/derivatives/fsl/L3_model-01_task-cardgame_n28_FLAME1+2/L3_task-cardgame_type-ppi_seed-interactionC4_cnum-17_cname-ppi_R_vlpfc-tpj_onegroup
running: /data/projects/r21-cardgame/derivatives/fsl/L3_model-01_task-cardgame_n28_FLAME1+2/L3_task-cardgame_type-ppi_seed-interactionC4_cnum-18_cname-ppi_P_vlpfc-tpj_onegroup
running: /data/projects/r21-cardgame/derivatives/fsl/L3_model-01_task-cardgame_n28_FLAME1+2/L3_task-cardgame_type-ppi_seed-interactionC4_cnum-19_cname-ppi_interaction_onegroup
running: /data/projects/r21-cardgame/derivatives/fsl/L3_model-01_task-cardgame_n28_FLAME1+2/L3_task-cardgame_type-ppi_seed-interactionC5_cnum-01_cname-R_vlpfc_onegroup
running: /data/projects/r21-cardgame/derivatives/fsl/L3_model-01_task-cardgame_n28_FLAME1+2/L3_task-cardgame_type-ppi_seed-interactionC5_cnum-02_cname-R_tpj_onegroup
running: /data/projects/r21-cardgame/derivatives/fsl/L3_model-01_task-cardgame_n28_FLAME1+2/L3_task-cardgame_type-ppi_seed-interactionC5_cnum-03_cname-P_vlpfc_onegroup
running: /data/projects/r21-cardgame/derivatives/fsl/L3_model-01_task-cardgame_n28_FLAME1+2/L3_task-cardgame_type-ppi_seed-interactionC5_cnum-04_cname-P_tpj_onegroup
running: /data/projects/r21-cardgame/derivatives/fsl/L3_model-01_task-cardgame_n28_FLAME1+2/L3_task-cardgame_type-ppi_seed-interactionC5_cnum-05_cname-R-P_onegroup
running: /data/projects/r21-cardgame/derivatives/fsl/L3_model-01_task-cardgame_n28_FLAME1+2/L3_task-cardgame_type-ppi_seed-interactionC5_cnum-06_cname-vlpfc-tpj_onegroup
running: /data/projects/r21-cardgame/derivatives/fsl/L3_model-01_task-cardgame_n28_FLAME1+2/L3_task-cardgame_type-ppi_seed-interactionC5_cnum-07_cname-R_vlpfc-tpj_onegroup
running: /data/projects/r21-cardgame/derivatives/fsl/L3_model-01_task-cardgame_n28_FLAME1+2/L3_task-cardgame_type-ppi_seed-interactionC5_cnum-08_cname-P_vlpfc-tpj_onegroup
running: /data/projects/r21-cardgame/derivatives/fsl/L3_model-01_task-cardgame_n28_FLAME1+2/L3_task-cardgame_type-ppi_seed-interactionC5_cnum-09_cname-interaction_onegroup
running: /data/projects/r21-cardgame/derivatives/fsl/L3_model-01_task-cardgame_n28_FLAME1+2/L3_task-cardgame_type-ppi_seed-interactionC5_cnum-10_cname-phys_onegroup
running: /data/projects/r21-cardgame/derivatives/fsl/L3_model-01_task-cardgame_n28_FLAME1+2/L3_task-cardgame_type-ppi_seed-interactionC5_cnum-11_cname-ppi_R_vlpfc_onegroup
running: /data/projects/r21-cardgame/derivatives/fsl/L3_model-01_task-cardgame_n28_FLAME1+2/L3_task-cardgame_type-ppi_seed-interactionC5_cnum-12_cname-ppi_R_tpj_onegroup
running: /data/projects/r21-cardgame/derivatives/fsl/L3_model-01_task-cardgame_n28_FLAME1+2/L3_task-cardgame_type-ppi_seed-interactionC5_cnum-13_cname-ppi_P_vlpfc_onegroup
running: /data/projects/r21-cardgame/derivatives/fsl/L3_model-01_task-cardgame_n28_FLAME1+2/L3_task-cardgame_type-ppi_seed-interactionC5_cnum-14_cname-ppi_P_tpj_onegroup
running: /data/projects/r21-cardgame/derivatives/fsl/L3_model-01_task-cardgame_n28_FLAME1+2/L3_task-cardgame_type-ppi_seed-interactionC5_cnum-15_cname-ppi_R-P_onegroup
running: /data/projects/r21-cardgame/derivatives/fsl/L3_model-01_task-cardgame_n28_FLAME1+2/L3_task-cardgame_type-ppi_seed-interactionC5_cnum-16_cname-ppi_vlpfc-tpj_onegroup
running: /data/projects/r21-cardgame/derivatives/fsl/L3_model-01_task-cardgame_n28_FLAME1+2/L3_task-cardgame_type-ppi_seed-interactionC5_cnum-17_cname-ppi_R_vlpfc-tpj_onegroup
running: /data/projects/r21-cardgame/derivatives/fsl/L3_model-01_task-cardgame_n28_FLAME1+2/L3_task-cardgame_type-ppi_seed-interactionC5_cnum-18_cname-ppi_P_vlpfc-tpj_onegroup
running: /data/projects/r21-cardgame/derivatives/fsl/L3_model-01_task-cardgame_n28_FLAME1+2/L3_task-cardgame_type-ppi_seed-interactionC5_cnum-19_cname-ppi_interaction_onegroup
