skipping: /data/projects/r21-cardgame/derivatives/fsl/sub-212/L2_task-cardgame_model-01_type-act_sm-6
skipping: /data/projects/r21-cardgame/derivatives/fsl/sub-218/L2_task-cardgame_model-01_type-act_sm-6
skipping: /data/projects/r21-cardgame/derivatives/fsl/sub-238/L2_task-cardgame_model-01_type-act_sm-6
skipping: /data/projects/r21-cardgame/derivatives/fsl/sub-212/L2_task-cardgame_model-01_type-ppi_seed-rightVS_sm-6
skipping: /data/projects/r21-cardgame/derivatives/fsl/sub-218/L2_task-cardgame_model-01_type-ppi_seed-rightVS_sm-6
skipping: /data/projects/r21-cardgame/derivatives/fsl/sub-238/L2_task-cardgame_model-01_type-ppi_seed-rightVS_sm-6
skipping: /data/projects/r21-cardgame/derivatives/fsl/sub-212/L2_task-cardgame_model-01_type-ppi_seed-leftVS_sm-6
skipping: /data/projects/r21-cardgame/derivatives/fsl/sub-218/L2_task-cardgame_model-01_type-ppi_seed-leftVS_sm-6
skipping: /data/projects/r21-cardgame/derivatives/fsl/sub-238/L2_task-cardgame_model-01_type-ppi_seed-leftVS_sm-6
skipping: /data/projects/r21-cardgame/derivatives/fsl/sub-212/L2_task-cardgame_model-01_type-nppi-lfpn_sm-6
skipping: /data/projects/r21-cardgame/derivatives/fsl/sub-218/L2_task-cardgame_model-01_type-nppi-lfpn_sm-6
skipping: /data/projects/r21-cardgame/derivatives/fsl/sub-238/L2_task-cardgame_model-01_type-nppi-lfpn_sm-6
skipping: /data/projects/r21-cardgame/derivatives/fsl/sub-212/L2_task-cardgame_model-01_type-nppi-rfpn_sm-6
skipping: /data/projects/r21-cardgame/derivatives/fsl/sub-218/L2_task-cardgame_model-01_type-nppi-rfpn_sm-6
skipping: /data/projects/r21-cardgame/derivatives/fsl/sub-238/L2_task-cardgame_model-01_type-nppi-rfpn_sm-6
skipping: /data/projects/r21-cardgame/derivatives/fsl/sub-212/L2_task-cardgame_model-01_type-nppi-ecn_sm-6
skipping: /data/projects/r21-cardgame/derivatives/fsl/sub-218/L2_task-cardgame_model-01_type-nppi-ecn_sm-6
skipping: /data/projects/r21-cardgame/derivatives/fsl/sub-238/L2_task-cardgame_model-01_type-nppi-ecn_sm-6
skipping: /data/projects/r21-cardgame/derivatives/fsl/sub-212/L2_task-cardgame_model-01_type-nppi-dmn_sm-6
skipping: /data/projects/r21-cardgame/derivatives/fsl/sub-218/L2_task-cardgame_model-01_type-nppi-dmn_sm-6
skipping: /data/projects/r21-cardgame/derivatives/fsl/sub-238/L2_task-cardgame_model-01_type-nppi-dmn_sm-6
