running: /data/projects/r21-cardgame/derivatives/fsl/L3_model-01_task-cardgame_n28_FLAME1+2/L3_task-cardgame_type-act_cnum-01_cname-R_vlpfc_onegroup
running: /data/projects/r21-cardgame/derivatives/fsl/L3_model-01_task-cardgame_n28_FLAME1+2/L3_task-cardgame_type-act_cnum-02_cname-R_tpj_onegroup
running: /data/projects/r21-cardgame/derivatives/fsl/L3_model-01_task-cardgame_n28_FLAME1+2/L3_task-cardgame_type-act_cnum-03_cname-P_vlpfc_onegroup
running: /data/projects/r21-cardgame/derivatives/fsl/L3_model-01_task-cardgame_n28_FLAME1+2/L3_task-cardgame_type-act_cnum-04_cname-P_tpj_onegroup
running: /data/projects/r21-cardgame/derivatives/fsl/L3_model-01_task-cardgame_n28_FLAME1+2/L3_task-cardgame_type-act_cnum-05_cname-R-P_onegroup
running: /data/projects/r21-cardgame/derivatives/fsl/L3_model-01_task-cardgame_n28_FLAME1+2/L3_task-cardgame_type-act_cnum-06_cname-vlpfc-tpj_onegroup
running: /data/projects/r21-cardgame/derivatives/fsl/L3_model-01_task-cardgame_n28_FLAME1+2/L3_task-cardgame_type-act_cnum-07_cname-R_vlpfc-tpj_onegroup
running: /data/projects/r21-cardgame/derivatives/fsl/L3_model-01_task-cardgame_n28_FLAME1+2/L3_task-cardgame_type-act_cnum-08_cname-P_vlpfc-tpj_onegroup
running: /data/projects/r21-cardgame/derivatives/fsl/L3_model-01_task-cardgame_n28_FLAME1+2/L3_task-cardgame_type-act_cnum-09_cname-interaction_onegroup
running: /data/projects/r21-cardgame/derivatives/fsl/L3_model-01_task-cardgame_n28_FLAME1+2/L3_task-cardgame_type-ppi_seed-VS_cnum-01_cname-R_vlpfc_onegroup
running: /data/projects/r21-cardgame/derivatives/fsl/L3_model-01_task-cardgame_n28_FLAME1+2/L3_task-cardgame_type-ppi_seed-VS_cnum-02_cname-R_tpj_onegroup
running: /data/projects/r21-cardgame/derivatives/fsl/L3_model-01_task-cardgame_n28_FLAME1+2/L3_task-cardgame_type-ppi_seed-VS_cnum-03_cname-P_vlpfc_onegroup
running: /data/projects/r21-cardgame/derivatives/fsl/L3_model-01_task-cardgame_n28_FLAME1+2/L3_task-cardgame_type-ppi_seed-VS_cnum-04_cname-P_tpj_onegroup
running: /data/projects/r21-cardgame/derivatives/fsl/L3_model-01_task-cardgame_n28_FLAME1+2/L3_task-cardgame_type-ppi_seed-VS_cnum-05_cname-R-P_onegroup
running: /data/projects/r21-cardgame/derivatives/fsl/L3_model-01_task-cardgame_n28_FLAME1+2/L3_task-cardgame_type-ppi_seed-VS_cnum-06_cname-vlpfc-tpj_onegroup
running: /data/projects/r21-cardgame/derivatives/fsl/L3_model-01_task-cardgame_n28_FLAME1+2/L3_task-cardgame_type-ppi_seed-VS_cnum-07_cname-R_vlpfc-tpj_onegroup
running: /data/projects/r21-cardgame/derivatives/fsl/L3_model-01_task-cardgame_n28_FLAME1+2/L3_task-cardgame_type-ppi_seed-VS_cnum-08_cname-P_vlpfc-tpj_onegroup
running: /data/projects/r21-cardgame/derivatives/fsl/L3_model-01_task-cardgame_n28_FLAME1+2/L3_task-cardgame_type-ppi_seed-VS_cnum-09_cname-interaction_onegroup
running: /data/projects/r21-cardgame/derivatives/fsl/L3_model-01_task-cardgame_n28_FLAME1+2/L3_task-cardgame_type-ppi_seed-VS_cnum-10_cname-phys_onegroup
running: /data/projects/r21-cardgame/derivatives/fsl/L3_model-01_task-cardgame_n28_FLAME1+2/L3_task-cardgame_type-ppi_seed-VS_cnum-11_cname-ppi_R_vlpfc_onegroup
running: /data/projects/r21-cardgame/derivatives/fsl/L3_model-01_task-cardgame_n28_FLAME1+2/L3_task-cardgame_type-ppi_seed-VS_cnum-12_cname-ppi_R_tpj_onegroup
running: /data/projects/r21-cardgame/derivatives/fsl/L3_model-01_task-cardgame_n28_FLAME1+2/L3_task-cardgame_type-ppi_seed-VS_cnum-13_cname-ppi_P_vlpfc_onegroup
running: /data/projects/r21-cardgame/derivatives/fsl/L3_model-01_task-cardgame_n28_FLAME1+2/L3_task-cardgame_type-ppi_seed-VS_cnum-14_cname-ppi_P_tpj_onegroup
running: /data/projects/r21-cardgame/derivatives/fsl/L3_model-01_task-cardgame_n28_FLAME1+2/L3_task-cardgame_type-ppi_seed-VS_cnum-15_cname-ppi_R-P_onegroup
running: /data/projects/r21-cardgame/derivatives/fsl/L3_model-01_task-cardgame_n28_FLAME1+2/L3_task-cardgame_type-ppi_seed-VS_cnum-16_cname-ppi_vlpfc-tpj_onegroup
running: /data/projects/r21-cardgame/derivatives/fsl/L3_model-01_task-cardgame_n28_FLAME1+2/L3_task-cardgame_type-ppi_seed-VS_cnum-17_cname-ppi_R_vlpfc-tpj_onegroup
running: /data/projects/r21-cardgame/derivatives/fsl/L3_model-01_task-cardgame_n28_FLAME1+2/L3_task-cardgame_type-ppi_seed-VS_cnum-18_cname-ppi_P_vlpfc-tpj_onegroup
running: /data/projects/r21-cardgame/derivatives/fsl/L3_model-01_task-cardgame_n28_FLAME1+2/L3_task-cardgame_type-ppi_seed-VS_cnum-19_cname-ppi_interaction_onegroup
running: /data/projects/r21-cardgame/derivatives/fsl/L3_model-01_task-cardgame_n28_FLAME1+2/L3_task-cardgame_type-ppi_seed-rightVS_cnum-01_cname-R_vlpfc_onegroup
running: /data/projects/r21-cardgame/derivatives/fsl/L3_model-01_task-cardgame_n28_FLAME1+2/L3_task-cardgame_type-ppi_seed-rightVS_cnum-02_cname-R_tpj_onegroup
running: /data/projects/r21-cardgame/derivatives/fsl/L3_model-01_task-cardgame_n28_FLAME1+2/L3_task-cardgame_type-ppi_seed-rightVS_cnum-03_cname-P_vlpfc_onegroup
running: /data/projects/r21-cardgame/derivatives/fsl/L3_model-01_task-cardgame_n28_FLAME1+2/L3_task-cardgame_type-ppi_seed-rightVS_cnum-04_cname-P_tpj_onegroup
running: /data/projects/r21-cardgame/derivatives/fsl/L3_model-01_task-cardgame_n28_FLAME1+2/L3_task-cardgame_type-ppi_seed-rightVS_cnum-05_cname-R-P_onegroup
running: /data/projects/r21-cardgame/derivatives/fsl/L3_model-01_task-cardgame_n28_FLAME1+2/L3_task-cardgame_type-ppi_seed-rightVS_cnum-06_cname-vlpfc-tpj_onegroup
running: /data/projects/r21-cardgame/derivatives/fsl/L3_model-01_task-cardgame_n28_FLAME1+2/L3_task-cardgame_type-ppi_seed-rightVS_cnum-07_cname-R_vlpfc-tpj_onegroup
running: /data/projects/r21-cardgame/derivatives/fsl/L3_model-01_task-cardgame_n28_FLAME1+2/L3_task-cardgame_type-ppi_seed-rightVS_cnum-08_cname-P_vlpfc-tpj_onegroup
running: /data/projects/r21-cardgame/derivatives/fsl/L3_model-01_task-cardgame_n28_FLAME1+2/L3_task-cardgame_type-ppi_seed-rightVS_cnum-09_cname-interaction_onegroup
running: /data/projects/r21-cardgame/derivatives/fsl/L3_model-01_task-cardgame_n28_FLAME1+2/L3_task-cardgame_type-ppi_seed-rightVS_cnum-10_cname-phys_onegroup
running: /data/projects/r21-cardgame/derivatives/fsl/L3_model-01_task-cardgame_n28_FLAME1+2/L3_task-cardgame_type-ppi_seed-rightVS_cnum-11_cname-ppi_R_vlpfc_onegroup
running: /data/projects/r21-cardgame/derivatives/fsl/L3_model-01_task-cardgame_n28_FLAME1+2/L3_task-cardgame_type-ppi_seed-rightVS_cnum-12_cname-ppi_R_tpj_onegroup
running: /data/projects/r21-cardgame/derivatives/fsl/L3_model-01_task-cardgame_n28_FLAME1+2/L3_task-cardgame_type-ppi_seed-rightVS_cnum-13_cname-ppi_P_vlpfc_onegroup
running: /data/projects/r21-cardgame/derivatives/fsl/L3_model-01_task-cardgame_n28_FLAME1+2/L3_task-cardgame_type-ppi_seed-rightVS_cnum-14_cname-ppi_P_tpj_onegroup
running: /data/projects/r21-cardgame/derivatives/fsl/L3_model-01_task-cardgame_n28_FLAME1+2/L3_task-cardgame_type-ppi_seed-rightVS_cnum-15_cname-ppi_R-P_onegroup
running: /data/projects/r21-cardgame/derivatives/fsl/L3_model-01_task-cardgame_n28_FLAME1+2/L3_task-cardgame_type-ppi_seed-rightVS_cnum-16_cname-ppi_vlpfc-tpj_onegroup
running: /data/projects/r21-cardgame/derivatives/fsl/L3_model-01_task-cardgame_n28_FLAME1+2/L3_task-cardgame_type-ppi_seed-rightVS_cnum-17_cname-ppi_R_vlpfc-tpj_onegroup
running: /data/projects/r21-cardgame/derivatives/fsl/L3_model-01_task-cardgame_n28_FLAME1+2/L3_task-cardgame_type-ppi_seed-rightVS_cnum-18_cname-ppi_P_vlpfc-tpj_onegroup
running: /data/projects/r21-cardgame/derivatives/fsl/L3_model-01_task-cardgame_n28_FLAME1+2/L3_task-cardgame_type-ppi_seed-rightVS_cnum-19_cname-ppi_interaction_onegroup
running: /data/projects/r21-cardgame/derivatives/fsl/L3_model-01_task-cardgame_n28_FLAME1+2/L3_task-cardgame_type-ppi_seed-leftVS_cnum-01_cname-R_vlpfc_onegroup
running: /data/projects/r21-cardgame/derivatives/fsl/L3_model-01_task-cardgame_n28_FLAME1+2/L3_task-cardgame_type-ppi_seed-leftVS_cnum-02_cname-R_tpj_onegroup
running: /data/projects/r21-cardgame/derivatives/fsl/L3_model-01_task-cardgame_n28_FLAME1+2/L3_task-cardgame_type-ppi_seed-leftVS_cnum-03_cname-P_vlpfc_onegroup
running: /data/projects/r21-cardgame/derivatives/fsl/L3_model-01_task-cardgame_n28_FLAME1+2/L3_task-cardgame_type-ppi_seed-leftVS_cnum-04_cname-P_tpj_onegroup
running: /data/projects/r21-cardgame/derivatives/fsl/L3_model-01_task-cardgame_n28_FLAME1+2/L3_task-cardgame_type-ppi_seed-leftVS_cnum-05_cname-R-P_onegroup
running: /data/projects/r21-cardgame/derivatives/fsl/L3_model-01_task-cardgame_n28_FLAME1+2/L3_task-cardgame_type-ppi_seed-leftVS_cnum-06_cname-vlpfc-tpj_onegroup
running: /data/projects/r21-cardgame/derivatives/fsl/L3_model-01_task-cardgame_n28_FLAME1+2/L3_task-cardgame_type-ppi_seed-leftVS_cnum-07_cname-R_vlpfc-tpj_onegroup
running: /data/projects/r21-cardgame/derivatives/fsl/L3_model-01_task-cardgame_n28_FLAME1+2/L3_task-cardgame_type-ppi_seed-leftVS_cnum-08_cname-P_vlpfc-tpj_onegroup
running: /data/projects/r21-cardgame/derivatives/fsl/L3_model-01_task-cardgame_n28_FLAME1+2/L3_task-cardgame_type-ppi_seed-leftVS_cnum-09_cname-interaction_onegroup
running: /data/projects/r21-cardgame/derivatives/fsl/L3_model-01_task-cardgame_n28_FLAME1+2/L3_task-cardgame_type-ppi_seed-leftVS_cnum-10_cname-phys_onegroup
running: /data/projects/r21-cardgame/derivatives/fsl/L3_model-01_task-cardgame_n28_FLAME1+2/L3_task-cardgame_type-ppi_seed-leftVS_cnum-11_cname-ppi_R_vlpfc_onegroup
running: /data/projects/r21-cardgame/derivatives/fsl/L3_model-01_task-cardgame_n28_FLAME1+2/L3_task-cardgame_type-ppi_seed-leftVS_cnum-12_cname-ppi_R_tpj_onegroup
running: /data/projects/r21-cardgame/derivatives/fsl/L3_model-01_task-cardgame_n28_FLAME1+2/L3_task-cardgame_type-ppi_seed-leftVS_cnum-13_cname-ppi_P_vlpfc_onegroup
running: /data/projects/r21-cardgame/derivatives/fsl/L3_model-01_task-cardgame_n28_FLAME1+2/L3_task-cardgame_type-ppi_seed-leftVS_cnum-14_cname-ppi_P_tpj_onegroup
running: /data/projects/r21-cardgame/derivatives/fsl/L3_model-01_task-cardgame_n28_FLAME1+2/L3_task-cardgame_type-ppi_seed-leftVS_cnum-15_cname-ppi_R-P_onegroup
running: /data/projects/r21-cardgame/derivatives/fsl/L3_model-01_task-cardgame_n28_FLAME1+2/L3_task-cardgame_type-ppi_seed-leftVS_cnum-16_cname-ppi_vlpfc-tpj_onegroup
running: /data/projects/r21-cardgame/derivatives/fsl/L3_model-01_task-cardgame_n28_FLAME1+2/L3_task-cardgame_type-ppi_seed-leftVS_cnum-17_cname-ppi_R_vlpfc-tpj_onegroup
running: /data/projects/r21-cardgame/derivatives/fsl/L3_model-01_task-cardgame_n28_FLAME1+2/L3_task-cardgame_type-ppi_seed-leftVS_cnum-18_cname-ppi_P_vlpfc-tpj_onegroup
running: /data/projects/r21-cardgame/derivatives/fsl/L3_model-01_task-cardgame_n28_FLAME1+2/L3_task-cardgame_type-ppi_seed-leftVS_cnum-19_cname-ppi_interaction_onegroup
running: /data/projects/r21-cardgame/derivatives/fsl/L3_model-01_task-cardgame_n28_FLAME1+2/L3_task-cardgame_type-nppi-lfpn_cnum-01_cname-R_vlpfc_onegroup
running: /data/projects/r21-cardgame/derivatives/fsl/L3_model-01_task-cardgame_n28_FLAME1+2/L3_task-cardgame_type-nppi-lfpn_cnum-02_cname-R_tpj_onegroup
running: /data/projects/r21-cardgame/derivatives/fsl/L3_model-01_task-cardgame_n28_FLAME1+2/L3_task-cardgame_type-nppi-lfpn_cnum-03_cname-P_vlpfc_onegroup
running: /data/projects/r21-cardgame/derivatives/fsl/L3_model-01_task-cardgame_n28_FLAME1+2/L3_task-cardgame_type-nppi-lfpn_cnum-04_cname-P_tpj_onegroup
running: /data/projects/r21-cardgame/derivatives/fsl/L3_model-01_task-cardgame_n28_FLAME1+2/L3_task-cardgame_type-nppi-lfpn_cnum-05_cname-R-P_onegroup
running: /data/projects/r21-cardgame/derivatives/fsl/L3_model-01_task-cardgame_n28_FLAME1+2/L3_task-cardgame_type-nppi-lfpn_cnum-06_cname-vlpfc-tpj_onegroup
running: /data/projects/r21-cardgame/derivatives/fsl/L3_model-01_task-cardgame_n28_FLAME1+2/L3_task-cardgame_type-nppi-lfpn_cnum-07_cname-R_vlpfc-tpj_onegroup
running: /data/projects/r21-cardgame/derivatives/fsl/L3_model-01_task-cardgame_n28_FLAME1+2/L3_task-cardgame_type-nppi-lfpn_cnum-08_cname-P_vlpfc-tpj_onegroup
running: /data/projects/r21-cardgame/derivatives/fsl/L3_model-01_task-cardgame_n28_FLAME1+2/L3_task-cardgame_type-nppi-lfpn_cnum-09_cname-interaction_onegroup
running: /data/projects/r21-cardgame/derivatives/fsl/L3_model-01_task-cardgame_n28_FLAME1+2/L3_task-cardgame_type-nppi-lfpn_cnum-10_cname-phys_onegroup
running: /data/projects/r21-cardgame/derivatives/fsl/L3_model-01_task-cardgame_n28_FLAME1+2/L3_task-cardgame_type-nppi-lfpn_cnum-11_cname-ppi_R_vlpfc_onegroup
running: /data/projects/r21-cardgame/derivatives/fsl/L3_model-01_task-cardgame_n28_FLAME1+2/L3_task-cardgame_type-nppi-lfpn_cnum-12_cname-ppi_R_tpj_onegroup
running: /data/projects/r21-cardgame/derivatives/fsl/L3_model-01_task-cardgame_n28_FLAME1+2/L3_task-cardgame_type-nppi-lfpn_cnum-13_cname-ppi_P_vlpfc_onegroup
running: /data/projects/r21-cardgame/derivatives/fsl/L3_model-01_task-cardgame_n28_FLAME1+2/L3_task-cardgame_type-nppi-lfpn_cnum-14_cname-ppi_P_tpj_onegroup
running: /data/projects/r21-cardgame/derivatives/fsl/L3_model-01_task-cardgame_n28_FLAME1+2/L3_task-cardgame_type-nppi-lfpn_cnum-15_cname-ppi_R-P_onegroup
running: /data/projects/r21-cardgame/derivatives/fsl/L3_model-01_task-cardgame_n28_FLAME1+2/L3_task-cardgame_type-nppi-lfpn_cnum-16_cname-ppi_vlpfc-tpj_onegroup
running: /data/projects/r21-cardgame/derivatives/fsl/L3_model-01_task-cardgame_n28_FLAME1+2/L3_task-cardgame_type-nppi-lfpn_cnum-17_cname-ppi_R_vlpfc-tpj_onegroup
running: /data/projects/r21-cardgame/derivatives/fsl/L3_model-01_task-cardgame_n28_FLAME1+2/L3_task-cardgame_type-nppi-lfpn_cnum-18_cname-ppi_P_vlpfc-tpj_onegroup
running: /data/projects/r21-cardgame/derivatives/fsl/L3_model-01_task-cardgame_n28_FLAME1+2/L3_task-cardgame_type-nppi-lfpn_cnum-19_cname-ppi_interaction_onegroup
running: /data/projects/r21-cardgame/derivatives/fsl/L3_model-01_task-cardgame_n28_FLAME1+2/L3_task-cardgame_type-nppi-rfpn_cnum-01_cname-R_vlpfc_onegroup
running: /data/projects/r21-cardgame/derivatives/fsl/L3_model-01_task-cardgame_n28_FLAME1+2/L3_task-cardgame_type-nppi-rfpn_cnum-02_cname-R_tpj_onegroup
running: /data/projects/r21-cardgame/derivatives/fsl/L3_model-01_task-cardgame_n28_FLAME1+2/L3_task-cardgame_type-nppi-rfpn_cnum-03_cname-P_vlpfc_onegroup
running: /data/projects/r21-cardgame/derivatives/fsl/L3_model-01_task-cardgame_n28_FLAME1+2/L3_task-cardgame_type-nppi-rfpn_cnum-04_cname-P_tpj_onegroup
running: /data/projects/r21-cardgame/derivatives/fsl/L3_model-01_task-cardgame_n28_FLAME1+2/L3_task-cardgame_type-nppi-rfpn_cnum-05_cname-R-P_onegroup
running: /data/projects/r21-cardgame/derivatives/fsl/L3_model-01_task-cardgame_n28_FLAME1+2/L3_task-cardgame_type-nppi-rfpn_cnum-06_cname-vlpfc-tpj_onegroup
running: /data/projects/r21-cardgame/derivatives/fsl/L3_model-01_task-cardgame_n28_FLAME1+2/L3_task-cardgame_type-nppi-rfpn_cnum-07_cname-R_vlpfc-tpj_onegroup
running: /data/projects/r21-cardgame/derivatives/fsl/L3_model-01_task-cardgame_n28_FLAME1+2/L3_task-cardgame_type-nppi-rfpn_cnum-08_cname-P_vlpfc-tpj_onegroup
running: /data/projects/r21-cardgame/derivatives/fsl/L3_model-01_task-cardgame_n28_FLAME1+2/L3_task-cardgame_type-nppi-rfpn_cnum-09_cname-interaction_onegroup
running: /data/projects/r21-cardgame/derivatives/fsl/L3_model-01_task-cardgame_n28_FLAME1+2/L3_task-cardgame_type-nppi-rfpn_cnum-10_cname-phys_onegroup
running: /data/projects/r21-cardgame/derivatives/fsl/L3_model-01_task-cardgame_n28_FLAME1+2/L3_task-cardgame_type-nppi-rfpn_cnum-11_cname-ppi_R_vlpfc_onegroup
running: /data/projects/r21-cardgame/derivatives/fsl/L3_model-01_task-cardgame_n28_FLAME1+2/L3_task-cardgame_type-nppi-rfpn_cnum-12_cname-ppi_R_tpj_onegroup
running: /data/projects/r21-cardgame/derivatives/fsl/L3_model-01_task-cardgame_n28_FLAME1+2/L3_task-cardgame_type-nppi-rfpn_cnum-13_cname-ppi_P_vlpfc_onegroup
running: /data/projects/r21-cardgame/derivatives/fsl/L3_model-01_task-cardgame_n28_FLAME1+2/L3_task-cardgame_type-nppi-rfpn_cnum-14_cname-ppi_P_tpj_onegroup
running: /data/projects/r21-cardgame/derivatives/fsl/L3_model-01_task-cardgame_n28_FLAME1+2/L3_task-cardgame_type-nppi-rfpn_cnum-15_cname-ppi_R-P_onegroup
running: /data/projects/r21-cardgame/derivatives/fsl/L3_model-01_task-cardgame_n28_FLAME1+2/L3_task-cardgame_type-nppi-rfpn_cnum-16_cname-ppi_vlpfc-tpj_onegroup
running: /data/projects/r21-cardgame/derivatives/fsl/L3_model-01_task-cardgame_n28_FLAME1+2/L3_task-cardgame_type-nppi-rfpn_cnum-17_cname-ppi_R_vlpfc-tpj_onegroup
running: /data/projects/r21-cardgame/derivatives/fsl/L3_model-01_task-cardgame_n28_FLAME1+2/L3_task-cardgame_type-nppi-rfpn_cnum-18_cname-ppi_P_vlpfc-tpj_onegroup
running: /data/projects/r21-cardgame/derivatives/fsl/L3_model-01_task-cardgame_n28_FLAME1+2/L3_task-cardgame_type-nppi-rfpn_cnum-19_cname-ppi_interaction_onegroup
running: /data/projects/r21-cardgame/derivatives/fsl/L3_model-01_task-cardgame_n28_FLAME1+2/L3_task-cardgame_type-nppi-ecn_cnum-01_cname-R_vlpfc_onegroup
running: /data/projects/r21-cardgame/derivatives/fsl/L3_model-01_task-cardgame_n28_FLAME1+2/L3_task-cardgame_type-nppi-ecn_cnum-02_cname-R_tpj_onegroup
running: /data/projects/r21-cardgame/derivatives/fsl/L3_model-01_task-cardgame_n28_FLAME1+2/L3_task-cardgame_type-nppi-ecn_cnum-03_cname-P_vlpfc_onegroup
running: /data/projects/r21-cardgame/derivatives/fsl/L3_model-01_task-cardgame_n28_FLAME1+2/L3_task-cardgame_type-nppi-ecn_cnum-04_cname-P_tpj_onegroup
running: /data/projects/r21-cardgame/derivatives/fsl/L3_model-01_task-cardgame_n28_FLAME1+2/L3_task-cardgame_type-nppi-ecn_cnum-05_cname-R-P_onegroup
running: /data/projects/r21-cardgame/derivatives/fsl/L3_model-01_task-cardgame_n28_FLAME1+2/L3_task-cardgame_type-nppi-ecn_cnum-06_cname-vlpfc-tpj_onegroup
running: /data/projects/r21-cardgame/derivatives/fsl/L3_model-01_task-cardgame_n28_FLAME1+2/L3_task-cardgame_type-nppi-ecn_cnum-07_cname-R_vlpfc-tpj_onegroup
running: /data/projects/r21-cardgame/derivatives/fsl/L3_model-01_task-cardgame_n28_FLAME1+2/L3_task-cardgame_type-nppi-ecn_cnum-08_cname-P_vlpfc-tpj_onegroup
running: /data/projects/r21-cardgame/derivatives/fsl/L3_model-01_task-cardgame_n28_FLAME1+2/L3_task-cardgame_type-nppi-ecn_cnum-09_cname-interaction_onegroup
running: /data/projects/r21-cardgame/derivatives/fsl/L3_model-01_task-cardgame_n28_FLAME1+2/L3_task-cardgame_type-nppi-ecn_cnum-10_cname-phys_onegroup
running: /data/projects/r21-cardgame/derivatives/fsl/L3_model-01_task-cardgame_n28_FLAME1+2/L3_task-cardgame_type-nppi-ecn_cnum-11_cname-ppi_R_vlpfc_onegroup
running: /data/projects/r21-cardgame/derivatives/fsl/L3_model-01_task-cardgame_n28_FLAME1+2/L3_task-cardgame_type-nppi-ecn_cnum-12_cname-ppi_R_tpj_onegroup
running: /data/projects/r21-cardgame/derivatives/fsl/L3_model-01_task-cardgame_n28_FLAME1+2/L3_task-cardgame_type-nppi-ecn_cnum-13_cname-ppi_P_vlpfc_onegroup
running: /data/projects/r21-cardgame/derivatives/fsl/L3_model-01_task-cardgame_n28_FLAME1+2/L3_task-cardgame_type-nppi-ecn_cnum-14_cname-ppi_P_tpj_onegroup
running: /data/projects/r21-cardgame/derivatives/fsl/L3_model-01_task-cardgame_n28_FLAME1+2/L3_task-cardgame_type-nppi-ecn_cnum-15_cname-ppi_R-P_onegroup
running: /data/projects/r21-cardgame/derivatives/fsl/L3_model-01_task-cardgame_n28_FLAME1+2/L3_task-cardgame_type-nppi-ecn_cnum-16_cname-ppi_vlpfc-tpj_onegroup
running: /data/projects/r21-cardgame/derivatives/fsl/L3_model-01_task-cardgame_n28_FLAME1+2/L3_task-cardgame_type-nppi-ecn_cnum-17_cname-ppi_R_vlpfc-tpj_onegroup
running: /data/projects/r21-cardgame/derivatives/fsl/L3_model-01_task-cardgame_n28_FLAME1+2/L3_task-cardgame_type-nppi-ecn_cnum-18_cname-ppi_P_vlpfc-tpj_onegroup
running: /data/projects/r21-cardgame/derivatives/fsl/L3_model-01_task-cardgame_n28_FLAME1+2/L3_task-cardgame_type-nppi-ecn_cnum-19_cname-ppi_interaction_onegroup
running: /data/projects/r21-cardgame/derivatives/fsl/L3_model-01_task-cardgame_n28_FLAME1+2/L3_task-cardgame_type-nppi-dmn_cnum-01_cname-R_vlpfc_onegroup
running: /data/projects/r21-cardgame/derivatives/fsl/L3_model-01_task-cardgame_n28_FLAME1+2/L3_task-cardgame_type-nppi-dmn_cnum-02_cname-R_tpj_onegroup
running: /data/projects/r21-cardgame/derivatives/fsl/L3_model-01_task-cardgame_n28_FLAME1+2/L3_task-cardgame_type-nppi-dmn_cnum-03_cname-P_vlpfc_onegroup
running: /data/projects/r21-cardgame/derivatives/fsl/L3_model-01_task-cardgame_n28_FLAME1+2/L3_task-cardgame_type-nppi-dmn_cnum-04_cname-P_tpj_onegroup
running: /data/projects/r21-cardgame/derivatives/fsl/L3_model-01_task-cardgame_n28_FLAME1+2/L3_task-cardgame_type-nppi-dmn_cnum-05_cname-R-P_onegroup
running: /data/projects/r21-cardgame/derivatives/fsl/L3_model-01_task-cardgame_n28_FLAME1+2/L3_task-cardgame_type-nppi-dmn_cnum-06_cname-vlpfc-tpj_onegroup
running: /data/projects/r21-cardgame/derivatives/fsl/L3_model-01_task-cardgame_n28_FLAME1+2/L3_task-cardgame_type-nppi-dmn_cnum-07_cname-R_vlpfc-tpj_onegroup
running: /data/projects/r21-cardgame/derivatives/fsl/L3_model-01_task-cardgame_n28_FLAME1+2/L3_task-cardgame_type-nppi-dmn_cnum-08_cname-P_vlpfc-tpj_onegroup
running: /data/projects/r21-cardgame/derivatives/fsl/L3_model-01_task-cardgame_n28_FLAME1+2/L3_task-cardgame_type-nppi-dmn_cnum-09_cname-interaction_onegroup
running: /data/projects/r21-cardgame/derivatives/fsl/L3_model-01_task-cardgame_n28_FLAME1+2/L3_task-cardgame_type-nppi-dmn_cnum-10_cname-phys_onegroup
running: /data/projects/r21-cardgame/derivatives/fsl/L3_model-01_task-cardgame_n28_FLAME1+2/L3_task-cardgame_type-nppi-dmn_cnum-11_cname-ppi_R_vlpfc_onegroup
running: /data/projects/r21-cardgame/derivatives/fsl/L3_model-01_task-cardgame_n28_FLAME1+2/L3_task-cardgame_type-nppi-dmn_cnum-12_cname-ppi_R_tpj_onegroup
running: /data/projects/r21-cardgame/derivatives/fsl/L3_model-01_task-cardgame_n28_FLAME1+2/L3_task-cardgame_type-nppi-dmn_cnum-13_cname-ppi_P_vlpfc_onegroup
running: /data/projects/r21-cardgame/derivatives/fsl/L3_model-01_task-cardgame_n28_FLAME1+2/L3_task-cardgame_type-nppi-dmn_cnum-14_cname-ppi_P_tpj_onegroup
running: /data/projects/r21-cardgame/derivatives/fsl/L3_model-01_task-cardgame_n28_FLAME1+2/L3_task-cardgame_type-nppi-dmn_cnum-15_cname-ppi_R-P_onegroup
running: /data/projects/r21-cardgame/derivatives/fsl/L3_model-01_task-cardgame_n28_FLAME1+2/L3_task-cardgame_type-nppi-dmn_cnum-16_cname-ppi_vlpfc-tpj_onegroup
running: /data/projects/r21-cardgame/derivatives/fsl/L3_model-01_task-cardgame_n28_FLAME1+2/L3_task-cardgame_type-nppi-dmn_cnum-17_cname-ppi_R_vlpfc-tpj_onegroup
running: /data/projects/r21-cardgame/derivatives/fsl/L3_model-01_task-cardgame_n28_FLAME1+2/L3_task-cardgame_type-nppi-dmn_cnum-18_cname-ppi_P_vlpfc-tpj_onegroup
running: /data/projects/r21-cardgame/derivatives/fsl/L3_model-01_task-cardgame_n28_FLAME1+2/L3_task-cardgame_type-nppi-dmn_cnum-19_cname-ppi_interaction_onegroup
