running: /data/projects/r21-cardgame/derivatives/fsl/sub-189/L2_task-cardgame_model-01_type-nppi-lfpn_sm-6
running: /data/projects/r21-cardgame/derivatives/fsl/sub-203/L2_task-cardgame_model-01_type-nppi-lfpn_sm-6
running: /data/projects/r21-cardgame/derivatives/fsl/sub-207/L2_task-cardgame_model-01_type-nppi-lfpn_sm-6
running: /data/projects/r21-cardgame/derivatives/fsl/sub-208/L2_task-cardgame_model-01_type-nppi-lfpn_sm-6
running: /data/projects/r21-cardgame/derivatives/fsl/sub-209/L2_task-cardgame_model-01_type-nppi-lfpn_sm-6
running: /data/projects/r21-cardgame/derivatives/fsl/sub-210/L2_task-cardgame_model-01_type-nppi-lfpn_sm-6
running: /data/projects/r21-cardgame/derivatives/fsl/sub-211/L2_task-cardgame_model-01_type-nppi-lfpn_sm-6
skipping: /data/projects/r21-cardgame/derivatives/fsl/sub-212/L2_task-cardgame_model-01_type-nppi-lfpn_sm-6
running: /data/projects/r21-cardgame/derivatives/fsl/sub-213/L2_task-cardgame_model-01_type-nppi-lfpn_sm-6
running: /data/projects/r21-cardgame/derivatives/fsl/sub-214/L2_task-cardgame_model-01_type-nppi-lfpn_sm-6
running: /data/projects/r21-cardgame/derivatives/fsl/sub-215/L2_task-cardgame_model-01_type-nppi-lfpn_sm-6
running: /data/projects/r21-cardgame/derivatives/fsl/sub-216/L2_task-cardgame_model-01_type-nppi-lfpn_sm-6
running: /data/projects/r21-cardgame/derivatives/fsl/sub-217/L2_task-cardgame_model-01_type-nppi-lfpn_sm-6
skipping: /data/projects/r21-cardgame/derivatives/fsl/sub-218/L2_task-cardgame_model-01_type-nppi-lfpn_sm-6
running: /data/projects/r21-cardgame/derivatives/fsl/sub-219/L2_task-cardgame_model-01_type-nppi-lfpn_sm-6
running: /data/projects/r21-cardgame/derivatives/fsl/sub-220/L2_task-cardgame_model-01_type-nppi-lfpn_sm-6
running: /data/projects/r21-cardgame/derivatives/fsl/sub-221/L2_task-cardgame_model-01_type-nppi-lfpn_sm-6
running: /data/projects/r21-cardgame/derivatives/fsl/sub-222/L2_task-cardgame_model-01_type-nppi-lfpn_sm-6
running: /data/projects/r21-cardgame/derivatives/fsl/sub-225/L2_task-cardgame_model-01_type-nppi-lfpn_sm-6
running: /data/projects/r21-cardgame/derivatives/fsl/sub-227/L2_task-cardgame_model-01_type-nppi-lfpn_sm-6
running: /data/projects/r21-cardgame/derivatives/fsl/sub-228/L2_task-cardgame_model-01_type-nppi-lfpn_sm-6
running: /data/projects/r21-cardgame/derivatives/fsl/sub-230/L2_task-cardgame_model-01_type-nppi-lfpn_sm-6
running: /data/projects/r21-cardgame/derivatives/fsl/sub-231/L2_task-cardgame_model-01_type-nppi-lfpn_sm-6
running: /data/projects/r21-cardgame/derivatives/fsl/sub-232/L2_task-cardgame_model-01_type-nppi-lfpn_sm-6
running: /data/projects/r21-cardgame/derivatives/fsl/sub-234/L2_task-cardgame_model-01_type-nppi-lfpn_sm-6
running: /data/projects/r21-cardgame/derivatives/fsl/sub-226/L2_task-cardgame_model-01_type-nppi-lfpn_sm-6
running: /data/projects/r21-cardgame/derivatives/fsl/sub-233/L2_task-cardgame_model-01_type-nppi-lfpn_sm-6
running: /data/projects/r21-cardgame/derivatives/fsl/sub-235/L2_task-cardgame_model-01_type-nppi-lfpn_sm-6
running: /data/projects/r21-cardgame/derivatives/fsl/sub-236/L2_task-cardgame_model-01_type-nppi-lfpn_sm-6
running: /data/projects/r21-cardgame/derivatives/fsl/sub-237/L2_task-cardgame_model-01_type-nppi-lfpn_sm-6
skipping: /data/projects/r21-cardgame/derivatives/fsl/sub-238/L2_task-cardgame_model-01_type-nppi-lfpn_sm-6
running: /data/projects/r21-cardgame/derivatives/fsl/sub-189/L2_task-cardgame_model-01_type-nppi-rfpn_sm-6
running: /data/projects/r21-cardgame/derivatives/fsl/sub-203/L2_task-cardgame_model-01_type-nppi-rfpn_sm-6
running: /data/projects/r21-cardgame/derivatives/fsl/sub-207/L2_task-cardgame_model-01_type-nppi-rfpn_sm-6
running: /data/projects/r21-cardgame/derivatives/fsl/sub-208/L2_task-cardgame_model-01_type-nppi-rfpn_sm-6
running: /data/projects/r21-cardgame/derivatives/fsl/sub-209/L2_task-cardgame_model-01_type-nppi-rfpn_sm-6
running: /data/projects/r21-cardgame/derivatives/fsl/sub-210/L2_task-cardgame_model-01_type-nppi-rfpn_sm-6
running: /data/projects/r21-cardgame/derivatives/fsl/sub-211/L2_task-cardgame_model-01_type-nppi-rfpn_sm-6
skipping: /data/projects/r21-cardgame/derivatives/fsl/sub-212/L2_task-cardgame_model-01_type-nppi-rfpn_sm-6
running: /data/projects/r21-cardgame/derivatives/fsl/sub-213/L2_task-cardgame_model-01_type-nppi-rfpn_sm-6
running: /data/projects/r21-cardgame/derivatives/fsl/sub-214/L2_task-cardgame_model-01_type-nppi-rfpn_sm-6
running: /data/projects/r21-cardgame/derivatives/fsl/sub-215/L2_task-cardgame_model-01_type-nppi-rfpn_sm-6
running: /data/projects/r21-cardgame/derivatives/fsl/sub-216/L2_task-cardgame_model-01_type-nppi-rfpn_sm-6
running: /data/projects/r21-cardgame/derivatives/fsl/sub-217/L2_task-cardgame_model-01_type-nppi-rfpn_sm-6
skipping: /data/projects/r21-cardgame/derivatives/fsl/sub-218/L2_task-cardgame_model-01_type-nppi-rfpn_sm-6
running: /data/projects/r21-cardgame/derivatives/fsl/sub-219/L2_task-cardgame_model-01_type-nppi-rfpn_sm-6
running: /data/projects/r21-cardgame/derivatives/fsl/sub-220/L2_task-cardgame_model-01_type-nppi-rfpn_sm-6
running: /data/projects/r21-cardgame/derivatives/fsl/sub-221/L2_task-cardgame_model-01_type-nppi-rfpn_sm-6
running: /data/projects/r21-cardgame/derivatives/fsl/sub-222/L2_task-cardgame_model-01_type-nppi-rfpn_sm-6
running: /data/projects/r21-cardgame/derivatives/fsl/sub-225/L2_task-cardgame_model-01_type-nppi-rfpn_sm-6
running: /data/projects/r21-cardgame/derivatives/fsl/sub-227/L2_task-cardgame_model-01_type-nppi-rfpn_sm-6
running: /data/projects/r21-cardgame/derivatives/fsl/sub-228/L2_task-cardgame_model-01_type-nppi-rfpn_sm-6
running: /data/projects/r21-cardgame/derivatives/fsl/sub-230/L2_task-cardgame_model-01_type-nppi-rfpn_sm-6
running: /data/projects/r21-cardgame/derivatives/fsl/sub-231/L2_task-cardgame_model-01_type-nppi-rfpn_sm-6
running: /data/projects/r21-cardgame/derivatives/fsl/sub-232/L2_task-cardgame_model-01_type-nppi-rfpn_sm-6
running: /data/projects/r21-cardgame/derivatives/fsl/sub-234/L2_task-cardgame_model-01_type-nppi-rfpn_sm-6
running: /data/projects/r21-cardgame/derivatives/fsl/sub-226/L2_task-cardgame_model-01_type-nppi-rfpn_sm-6
running: /data/projects/r21-cardgame/derivatives/fsl/sub-233/L2_task-cardgame_model-01_type-nppi-rfpn_sm-6
running: /data/projects/r21-cardgame/derivatives/fsl/sub-235/L2_task-cardgame_model-01_type-nppi-rfpn_sm-6
running: /data/projects/r21-cardgame/derivatives/fsl/sub-236/L2_task-cardgame_model-01_type-nppi-rfpn_sm-6
running: /data/projects/r21-cardgame/derivatives/fsl/sub-237/L2_task-cardgame_model-01_type-nppi-rfpn_sm-6
skipping: /data/projects/r21-cardgame/derivatives/fsl/sub-238/L2_task-cardgame_model-01_type-nppi-rfpn_sm-6
skipping: /data/projects/r21-cardgame/derivatives/fsl/sub-212/L2_task-cardgame_model-01_type-nppi-ecn_sm-6
skipping: /data/projects/r21-cardgame/derivatives/fsl/sub-218/L2_task-cardgame_model-01_type-nppi-ecn_sm-6
running: /data/projects/r21-cardgame/derivatives/fsl/sub-232/L2_task-cardgame_model-01_type-nppi-ecn_sm-6
skipping: /data/projects/r21-cardgame/derivatives/fsl/sub-238/L2_task-cardgame_model-01_type-nppi-ecn_sm-6
skipping: /data/projects/r21-cardgame/derivatives/fsl/sub-212/L2_task-cardgame_model-01_type-nppi-dmn_sm-6
skipping: /data/projects/r21-cardgame/derivatives/fsl/sub-218/L2_task-cardgame_model-01_type-nppi-dmn_sm-6
running: /data/projects/r21-cardgame/derivatives/fsl/sub-232/L2_task-cardgame_model-01_type-nppi-dmn_sm-6
skipping: /data/projects/r21-cardgame/derivatives/fsl/sub-238/L2_task-cardgame_model-01_type-nppi-dmn_sm-6
