running: /data/projects/r21-cardgame/derivatives/fsl/L3_model-01_task-cardgame_n28_FLAME1+2_newPPI/L3_task-cardgame_type-ppi_seed-rightVS_cnum-01_cname-R_vlpfc_onegroup
running: /data/projects/r21-cardgame/derivatives/fsl/L3_model-01_task-cardgame_n28_FLAME1+2_newPPI/L3_task-cardgame_type-ppi_seed-rightVS_cnum-02_cname-R_tpj_onegroup
running: /data/projects/r21-cardgame/derivatives/fsl/L3_model-01_task-cardgame_n28_FLAME1+2_newPPI/L3_task-cardgame_type-ppi_seed-rightVS_cnum-03_cname-P_vlpfc_onegroup
running: /data/projects/r21-cardgame/derivatives/fsl/L3_model-01_task-cardgame_n28_FLAME1+2_newPPI/L3_task-cardgame_type-ppi_seed-rightVS_cnum-04_cname-P_tpj_onegroup
running: /data/projects/r21-cardgame/derivatives/fsl/L3_model-01_task-cardgame_n28_FLAME1+2_newPPI/L3_task-cardgame_type-ppi_seed-rightVS_cnum-05_cname-R-P_onegroup
running: /data/projects/r21-cardgame/derivatives/fsl/L3_model-01_task-cardgame_n28_FLAME1+2_newPPI/L3_task-cardgame_type-ppi_seed-rightVS_cnum-06_cname-vlpfc-tpj_onegroup
running: /data/projects/r21-cardgame/derivatives/fsl/L3_model-01_task-cardgame_n28_FLAME1+2_newPPI/L3_task-cardgame_type-ppi_seed-rightVS_cnum-07_cname-R_vlpfc-tpj_onegroup
running: /data/projects/r21-cardgame/derivatives/fsl/L3_model-01_task-cardgame_n28_FLAME1+2_newPPI/L3_task-cardgame_type-ppi_seed-rightVS_cnum-08_cname-P_vlpfc-tpj_onegroup
running: /data/projects/r21-cardgame/derivatives/fsl/L3_model-01_task-cardgame_n28_FLAME1+2_newPPI/L3_task-cardgame_type-ppi_seed-rightVS_cnum-09_cname-interaction_onegroup
running: /data/projects/r21-cardgame/derivatives/fsl/L3_model-01_task-cardgame_n28_FLAME1+2_newPPI/L3_task-cardgame_type-ppi_seed-rightVS_cnum-10_cname-phys_onegroup
running: /data/projects/r21-cardgame/derivatives/fsl/L3_model-01_task-cardgame_n28_FLAME1+2_newPPI/L3_task-cardgame_type-ppi_seed-rightVS_cnum-11_cname-ppi_R_vlpfc_onegroup
running: /data/projects/r21-cardgame/derivatives/fsl/L3_model-01_task-cardgame_n28_FLAME1+2_newPPI/L3_task-cardgame_type-ppi_seed-rightVS_cnum-12_cname-ppi_R_tpj_onegroup
running: /data/projects/r21-cardgame/derivatives/fsl/L3_model-01_task-cardgame_n28_FLAME1+2_newPPI/L3_task-cardgame_type-ppi_seed-rightVS_cnum-13_cname-ppi_P_vlpfc_onegroup
running: /data/projects/r21-cardgame/derivatives/fsl/L3_model-01_task-cardgame_n28_FLAME1+2_newPPI/L3_task-cardgame_type-ppi_seed-rightVS_cnum-14_cname-ppi_P_tpj_onegroup
running: /data/projects/r21-cardgame/derivatives/fsl/L3_model-01_task-cardgame_n28_FLAME1+2_newPPI/L3_task-cardgame_type-ppi_seed-rightVS_cnum-15_cname-ppi_R-P_onegroup
running: /data/projects/r21-cardgame/derivatives/fsl/L3_model-01_task-cardgame_n28_FLAME1+2_newPPI/L3_task-cardgame_type-ppi_seed-rightVS_cnum-16_cname-ppi_vlpfc-tpj_onegroup
running: /data/projects/r21-cardgame/derivatives/fsl/L3_model-01_task-cardgame_n28_FLAME1+2_newPPI/L3_task-cardgame_type-ppi_seed-rightVS_cnum-17_cname-ppi_R_vlpfc-tpj_onegroup
running: /data/projects/r21-cardgame/derivatives/fsl/L3_model-01_task-cardgame_n28_FLAME1+2_newPPI/L3_task-cardgame_type-ppi_seed-rightVS_cnum-18_cname-ppi_P_vlpfc-tpj_onegroup
running: /data/projects/r21-cardgame/derivatives/fsl/L3_model-01_task-cardgame_n28_FLAME1+2_newPPI/L3_task-cardgame_type-ppi_seed-rightVS_cnum-19_cname-ppi_interaction_onegroup
running: /data/projects/r21-cardgame/derivatives/fsl/L3_model-01_task-cardgame_n28_FLAME1+2_newPPI/L3_task-cardgame_type-ppi_seed-leftVS_cnum-01_cname-R_vlpfc_onegroup
running: /data/projects/r21-cardgame/derivatives/fsl/L3_model-01_task-cardgame_n28_FLAME1+2_newPPI/L3_task-cardgame_type-ppi_seed-leftVS_cnum-02_cname-R_tpj_onegroup
running: /data/projects/r21-cardgame/derivatives/fsl/L3_model-01_task-cardgame_n28_FLAME1+2_newPPI/L3_task-cardgame_type-ppi_seed-leftVS_cnum-03_cname-P_vlpfc_onegroup
running: /data/projects/r21-cardgame/derivatives/fsl/L3_model-01_task-cardgame_n28_FLAME1+2_newPPI/L3_task-cardgame_type-ppi_seed-leftVS_cnum-04_cname-P_tpj_onegroup
running: /data/projects/r21-cardgame/derivatives/fsl/L3_model-01_task-cardgame_n28_FLAME1+2_newPPI/L3_task-cardgame_type-ppi_seed-leftVS_cnum-05_cname-R-P_onegroup
running: /data/projects/r21-cardgame/derivatives/fsl/L3_model-01_task-cardgame_n28_FLAME1+2_newPPI/L3_task-cardgame_type-ppi_seed-leftVS_cnum-06_cname-vlpfc-tpj_onegroup
running: /data/projects/r21-cardgame/derivatives/fsl/L3_model-01_task-cardgame_n28_FLAME1+2_newPPI/L3_task-cardgame_type-ppi_seed-leftVS_cnum-07_cname-R_vlpfc-tpj_onegroup
running: /data/projects/r21-cardgame/derivatives/fsl/L3_model-01_task-cardgame_n28_FLAME1+2_newPPI/L3_task-cardgame_type-ppi_seed-leftVS_cnum-08_cname-P_vlpfc-tpj_onegroup
running: /data/projects/r21-cardgame/derivatives/fsl/L3_model-01_task-cardgame_n28_FLAME1+2_newPPI/L3_task-cardgame_type-ppi_seed-leftVS_cnum-09_cname-interaction_onegroup
running: /data/projects/r21-cardgame/derivatives/fsl/L3_model-01_task-cardgame_n28_FLAME1+2_newPPI/L3_task-cardgame_type-ppi_seed-leftVS_cnum-10_cname-phys_onegroup
running: /data/projects/r21-cardgame/derivatives/fsl/L3_model-01_task-cardgame_n28_FLAME1+2_newPPI/L3_task-cardgame_type-ppi_seed-leftVS_cnum-11_cname-ppi_R_vlpfc_onegroup
running: /data/projects/r21-cardgame/derivatives/fsl/L3_model-01_task-cardgame_n28_FLAME1+2_newPPI/L3_task-cardgame_type-ppi_seed-leftVS_cnum-12_cname-ppi_R_tpj_onegroup
running: /data/projects/r21-cardgame/derivatives/fsl/L3_model-01_task-cardgame_n28_FLAME1+2_newPPI/L3_task-cardgame_type-ppi_seed-leftVS_cnum-13_cname-ppi_P_vlpfc_onegroup
running: /data/projects/r21-cardgame/derivatives/fsl/L3_model-01_task-cardgame_n28_FLAME1+2_newPPI/L3_task-cardgame_type-ppi_seed-leftVS_cnum-14_cname-ppi_P_tpj_onegroup
running: /data/projects/r21-cardgame/derivatives/fsl/L3_model-01_task-cardgame_n28_FLAME1+2_newPPI/L3_task-cardgame_type-ppi_seed-leftVS_cnum-15_cname-ppi_R-P_onegroup
running: /data/projects/r21-cardgame/derivatives/fsl/L3_model-01_task-cardgame_n28_FLAME1+2_newPPI/L3_task-cardgame_type-ppi_seed-leftVS_cnum-16_cname-ppi_vlpfc-tpj_onegroup
running: /data/projects/r21-cardgame/derivatives/fsl/L3_model-01_task-cardgame_n28_FLAME1+2_newPPI/L3_task-cardgame_type-ppi_seed-leftVS_cnum-17_cname-ppi_R_vlpfc-tpj_onegroup
running: /data/projects/r21-cardgame/derivatives/fsl/L3_model-01_task-cardgame_n28_FLAME1+2_newPPI/L3_task-cardgame_type-ppi_seed-leftVS_cnum-18_cname-ppi_P_vlpfc-tpj_onegroup
running: /data/projects/r21-cardgame/derivatives/fsl/L3_model-01_task-cardgame_n28_FLAME1+2_newPPI/L3_task-cardgame_type-ppi_seed-leftVS_cnum-19_cname-ppi_interaction_onegroup
